<?xml version="1.0" encoding="UTF-8"?>
<testsuite xmlns:xsi="http://www.w3.org/2001/XMLSchema-instance" xsi:noNamespaceSchemaLocation="https://maven.apache.org/surefire/maven-surefire-plugin/xsd/surefire-test-report.xsd" name="TestSuite" time="14.236" tests="75" errors="0" skipped="48" failures="26">
  <properties>
[...]
</properties>
  <testcase name="UserCanSelectSubCategoryFromMainMenu" classname="tests.ProductHoverMenuTest" time="0.197">
    <failure message="Unable to convert: {actions=[org.openqa.selenium.interactions.Sequence@221dad51]}" type="org.openqa.selenium.WebDriverException">org.openqa.selenium.WebDriverException: Unable to convert: {actions=[org.openqa.selenium.interactions.Sequence@221dad51]}
	at tests.ProductHoverMenuTest.UserCanSelectSubCategoryFromMainMenu(ProductHoverMenuTest.java:16)
Caused by: org.openqa.selenium.WebDriverException: Unable to convert: {actions=[org.openqa.selenium.interactions.Sequence@221dad51]}
	at tests.ProductHoverMenuTest.UserCanSelectSubCategoryFromMainMenu(ProductHoverMenuTest.java:16)
Caused by: org.openqa.selenium.WebDriverException: 
java.lang.reflect.InvocationTargetException
Build info: version: '3.8.1', revision: '6e95a6684b', time: '2017-12-01T18:33:54.468Z'
System info: host: 'Ahmads-MacBook-Pro.local', ip: '2001:16a2:8870:ed00:9d68:bd2e:966e:ede2%en0', os.name: 'Mac OS X', os.arch: 'x86_64', os.version: '10.15.5', java.version: '14.0.1'
Driver info: driver.version: RemoteWebDriver
	at tests.ProductHoverMenuTest.UserCanSelectSubCategoryFromMainMenu(ProductHoverMenuTest.java:16)
Caused by: java.lang.reflect.InvocationTargetException
	at tests.ProductHoverMenuTest.UserCanSelectSubCategoryFromMainMenu(ProductHoverMenuTest.java:16)
Caused by: org.openqa.selenium.WebDriverException: 
chrome not reachable
  (Session info: chrome=84.0.4147.89)
Build info: version: '3.8.1', revision: '6e95a6684b', time: '2017-12-01T18:33:54.468Z'
System info: host: 'Ahmads-MacBook-Pro.local', ip: '2001:16a2:8870:ed00:9d68:bd2e:966e:ede2%en0', os.name: 'Mac OS X', os.arch: 'x86_64', os.version: '10.15.5', java.version: '14.0.1'
Driver info: org.openqa.selenium.chrome.ChromeDriver
Capabilities {acceptInsecureCerts: false, browserName: chrome, browserVersion: 84.0.4147.89, chrome: {chromedriverVersion: 83.0.4103.14 (be04594a2b841..., userDataDir: /var/folders/5t/_vmmp4h9367...}, goog:chromeOptions: {debuggerAddress: localhost:61086}, javascriptEnabled: true, networkConnectionEnabled: false, pageLoadStrategy: normal, platform: MAC, platformName: MAC, proxy: Proxy(), setWindowRect: true, strictFileInteractability: false, timeouts: {implicit: 0, pageLoad: 300000, script: 30000}, unhandledPromptBehavior: dismiss and notify, webauthn:virtualAuthenticators: true}
Session ID: 23489b9a7ee112345346a5c37657b252
*** Element info: {Using=link text, value=Computers}
	at tests.ProductHoverMenuTest.UserCanSelectSubCategoryFromMainMenu(ProductHoverMenuTest.java:16)
</failure>
    <system-out><![CDATA[No features found at [classpath:tests]
No features found at [classpath:tests]
No features found at [classpath:tests]
No features found at [classpath:tests]
No features found at [classpath:tests]
No features found at [classpath:tests]
No features found at [classpath:tests]
No features found at [classpath:tests]
No features found at [classpath:tests]
]]></system-out>
    <system-err><![CDATA[SLF4J: Failed to load class "org.slf4j.impl.StaticLoggerBinder".
SLF4J: Defaulting to no-operation (NOP) logger implementation
SLF4J: See http://www.slf4j.org/codes.html#StaticLoggerBinder for further details.
Starting ChromeDriver 83.0.4103.14 (be04594a2b8411758b860104bc0a1033417178be-refs/branch-heads/4103@{#119}) on port 4222
Only local connections are allowed.
Please see https://chromedriver.chromium.org/security-considerations for suggestions on keeping ChromeDriver safe.
[1595764916.510][WARNING]: FromSockAddr failed on netmask
ChromeDriver was started successfully.
[1595764918.580][WARNING]: This version of ChromeDriver has not been tested with Chrome version 84.
Jul 26, 2020 3:01:58 PM org.openqa.selenium.remote.ProtocolHandshake createSession
INFO: Detected dialect: W3C
[1595764920.683][SEVERE]: Unable to receive message from renderer
]]></system-err>
  </testcase>
  <testcase name="screenshotOnFailure" classname="tests.ProductHoverMenuTest" time="0.235">
    <failure message="chrome not reachable&#10;  (Session info: chrome=84.0.4147.89)&#10;Build info: version: &apos;3.8.1&apos;, revision: &apos;6e95a6684b&apos;, time: &apos;2017-12-01T18:33:54.468Z&apos;&#10;System info: host: &apos;Ahmads-MacBook-Pro.local&apos;, ip: &apos;2001:16a2:8870:ed00:9d68:bd2e:966e:ede2%en0&apos;, os.name: &apos;Mac OS X&apos;, os.arch: &apos;x86_64&apos;, os.version: &apos;10.15.5&apos;, java.version: &apos;14.0.1&apos;&#10;Driver info: org.openqa.selenium.chrome.ChromeDriver&#10;Capabilities {acceptInsecureCerts: false, browserName: chrome, browserVersion: 84.0.4147.89, chrome: {chromedriverVersion: 83.0.4103.14 (be04594a2b841..., userDataDir: /var/folders/5t/_vmmp4h9367...}, goog:chromeOptions: {debuggerAddress: localhost:61086}, javascriptEnabled: true, networkConnectionEnabled: false, pageLoadStrategy: normal, platform: MAC, platformName: MAC, proxy: Proxy(), setWindowRect: true, strictFileInteractability: false, timeouts: {implicit: 0, pageLoad: 300000, script: 30000}, unhandledPromptBehavior: dismiss and notify, webauthn:virtualAuthenticators: true}&#10;Session ID: 23489b9a7ee112345346a5c37657b252" type="org.openqa.selenium.WebDriverException">org.openqa.selenium.WebDriverException: 
chrome not reachable
  (Session info: chrome=84.0.4147.89)
Build info: version: '3.8.1', revision: '6e95a6684b', time: '2017-12-01T18:33:54.468Z'
System info: host: 'Ahmads-MacBook-Pro.local', ip: '2001:16a2:8870:ed00:9d68:bd2e:966e:ede2%en0', os.name: 'Mac OS X', os.arch: 'x86_64', os.version: '10.15.5', java.version: '14.0.1'
Driver info: org.openqa.selenium.chrome.ChromeDriver
Capabilities {acceptInsecureCerts: false, browserName: chrome, browserVersion: 84.0.4147.89, chrome: {chromedriverVersion: 83.0.4103.14 (be04594a2b841..., userDataDir: /var/folders/5t/_vmmp4h9367...}, goog:chromeOptions: {debuggerAddress: localhost:61086}, javascriptEnabled: true, networkConnectionEnabled: false, pageLoadStrategy: normal, platform: MAC, platformName: MAC, proxy: Proxy(), setWindowRect: true, strictFileInteractability: false, timeouts: {implicit: 0, pageLoad: 300000, script: 30000}, unhandledPromptBehavior: dismiss and notify, webauthn:virtualAuthenticators: true}
Session ID: 23489b9a7ee112345346a5c37657b252
</failure>
    <system-out><![CDATA[Failed!
Taking Screenshot....
]]></system-out>
  </testcase>
  <testcase name="UserCanSearchForProducts" classname="tests.SearchProductTest" time="0.025">
    <failure message="chrome not reachable&#10;  (Session info: chrome=84.0.4147.89)&#10;Build info: version: &apos;3.8.1&apos;, revision: &apos;6e95a6684b&apos;, time: &apos;2017-12-01T18:33:54.468Z&apos;&#10;System info: host: &apos;Ahmads-MacBook-Pro.local&apos;, ip: &apos;2001:16a2:8870:ed00:9d68:bd2e:966e:ede2%en0&apos;, os.name: &apos;Mac OS X&apos;, os.arch: &apos;x86_64&apos;, os.version: &apos;10.15.5&apos;, java.version: &apos;14.0.1&apos;&#10;Driver info: org.openqa.selenium.chrome.ChromeDriver&#10;Capabilities {acceptInsecureCerts: false, browserName: chrome, browserVersion: 84.0.4147.89, chrome: {chromedriverVersion: 83.0.4103.14 (be04594a2b841..., userDataDir: /var/folders/5t/_vmmp4h9367...}, goog:chromeOptions: {debuggerAddress: localhost:61086}, javascriptEnabled: true, networkConnectionEnabled: false, pageLoadStrategy: normal, platform: MAC, platformName: MAC, proxy: Proxy(), setWindowRect: true, strictFileInteractability: false, timeouts: {implicit: 0, pageLoad: 300000, script: 30000}, unhandledPromptBehavior: dismiss and notify, webauthn:virtualAuthenticators: true}&#10;Session ID: 23489b9a7ee112345346a5c37657b252&#10;*** Element info: {Using=id, value=small-searchterms}" type="org.openqa.selenium.WebDriverException">org.openqa.selenium.WebDriverException: 
chrome not reachable
  (Session info: chrome=84.0.4147.89)
Build info: version: '3.8.1', revision: '6e95a6684b', time: '2017-12-01T18:33:54.468Z'
System info: host: 'Ahmads-MacBook-Pro.local', ip: '2001:16a2:8870:ed00:9d68:bd2e:966e:ede2%en0', os.name: 'Mac OS X', os.arch: 'x86_64', os.version: '10.15.5', java.version: '14.0.1'
Driver info: org.openqa.selenium.chrome.ChromeDriver
Capabilities {acceptInsecureCerts: false, browserName: chrome, browserVersion: 84.0.4147.89, chrome: {chromedriverVersion: 83.0.4103.14 (be04594a2b841..., userDataDir: /var/folders/5t/_vmmp4h9367...}, goog:chromeOptions: {debuggerAddress: localhost:61086}, javascriptEnabled: true, networkConnectionEnabled: false, pageLoadStrategy: normal, platform: MAC, platformName: MAC, proxy: Proxy(), setWindowRect: true, strictFileInteractability: false, timeouts: {implicit: 0, pageLoad: 300000, script: 30000}, unhandledPromptBehavior: dismiss and notify, webauthn:virtualAuthenticators: true}
Session ID: 23489b9a7ee112345346a5c37657b252
*** Element info: {Using=id, value=small-searchterms}
	at tests.SearchProductTest.UserCanSearchForProducts(SearchProductTest.java:20)
</failure>
    <system-out><![CDATA[
0 Scenarios
0 Steps
0m0.000s

No features found at [classpath:tests]
No features found at [classpath:tests]
]]></system-out>
  </testcase>
  <testcase name="screenshotOnFailure" classname="tests.SearchProductTest" time="0.04">
    <failure message="chrome not reachable&#10;  (Session info: chrome=84.0.4147.89)&#10;Build info: version: &apos;3.8.1&apos;, revision: &apos;6e95a6684b&apos;, time: &apos;2017-12-01T18:33:54.468Z&apos;&#10;System info: host: &apos;Ahmads-MacBook-Pro.local&apos;, ip: &apos;2001:16a2:8870:ed00:9d68:bd2e:966e:ede2%en0&apos;, os.name: &apos;Mac OS X&apos;, os.arch: &apos;x86_64&apos;, os.version: &apos;10.15.5&apos;, java.version: &apos;14.0.1&apos;&#10;Driver info: org.openqa.selenium.chrome.ChromeDriver&#10;Capabilities {acceptInsecureCerts: false, browserName: chrome, browserVersion: 84.0.4147.89, chrome: {chromedriverVersion: 83.0.4103.14 (be04594a2b841..., userDataDir: /var/folders/5t/_vmmp4h9367...}, goog:chromeOptions: {debuggerAddress: localhost:61086}, javascriptEnabled: true, networkConnectionEnabled: false, pageLoadStrategy: normal, platform: MAC, platformName: MAC, proxy: Proxy(), setWindowRect: true, strictFileInteractability: false, timeouts: {implicit: 0, pageLoad: 300000, script: 30000}, unhandledPromptBehavior: dismiss and notify, webauthn:virtualAuthenticators: true}&#10;Session ID: 23489b9a7ee112345346a5c37657b252" type="org.openqa.selenium.WebDriverException">org.openqa.selenium.WebDriverException: 
chrome not reachable
  (Session info: chrome=84.0.4147.89)
Build info: version: '3.8.1', revision: '6e95a6684b', time: '2017-12-01T18:33:54.468Z'
System info: host: 'Ahmads-MacBook-Pro.local', ip: '2001:16a2:8870:ed00:9d68:bd2e:966e:ede2%en0', os.name: 'Mac OS X', os.arch: 'x86_64', os.version: '10.15.5', java.version: '14.0.1'
Driver info: org.openqa.selenium.chrome.ChromeDriver
Capabilities {acceptInsecureCerts: false, browserName: chrome, browserVersion: 84.0.4147.89, chrome: {chromedriverVersion: 83.0.4103.14 (be04594a2b841..., userDataDir: /var/folders/5t/_vmmp4h9367...}, goog:chromeOptions: {debuggerAddress: localhost:61086}, javascriptEnabled: true, networkConnectionEnabled: false, pageLoadStrategy: normal, platform: MAC, platformName: MAC, proxy: Proxy(), setWindowRect: true, strictFileInteractability: false, timeouts: {implicit: 0, pageLoad: 300000, script: 30000}, unhandledPromptBehavior: dismiss and notify, webauthn:virtualAuthenticators: true}
Session ID: 23489b9a7ee112345346a5c37657b252
</failure>
    <system-out><![CDATA[Failed!
Taking Screenshot....
]]></system-out>
  </testcase>
  <testcase name="UserCanSearchWithAutoSuggest" classname="tests.SearchProductUsingAutoSuggestTest" time="0.011"/>
  <testcase name="UserCanUseContactUs" classname="tests.ContactUsTest" time="0.021">
    <failure message="chrome not reachable&#10;  (Session info: chrome=84.0.4147.89)&#10;Build info: version: &apos;3.8.1&apos;, revision: &apos;6e95a6684b&apos;, time: &apos;2017-12-01T18:33:54.468Z&apos;&#10;System info: host: &apos;Ahmads-MacBook-Pro.local&apos;, ip: &apos;2001:16a2:8870:ed00:9d68:bd2e:966e:ede2%en0&apos;, os.name: &apos;Mac OS X&apos;, os.arch: &apos;x86_64&apos;, os.version: &apos;10.15.5&apos;, java.version: &apos;14.0.1&apos;&#10;Driver info: org.openqa.selenium.chrome.ChromeDriver&#10;Capabilities {acceptInsecureCerts: false, browserName: chrome, browserVersion: 84.0.4147.89, chrome: {chromedriverVersion: 83.0.4103.14 (be04594a2b841..., userDataDir: /var/folders/5t/_vmmp4h9367...}, goog:chromeOptions: {debuggerAddress: localhost:61086}, javascriptEnabled: true, networkConnectionEnabled: false, pageLoadStrategy: normal, platform: MAC, platformName: MAC, proxy: Proxy(), setWindowRect: true, strictFileInteractability: false, timeouts: {implicit: 0, pageLoad: 300000, script: 30000}, unhandledPromptBehavior: dismiss and notify, webauthn:virtualAuthenticators: true}&#10;Session ID: 23489b9a7ee112345346a5c37657b252" type="org.openqa.selenium.WebDriverException">org.openqa.selenium.WebDriverException: 
chrome not reachable
  (Session info: chrome=84.0.4147.89)
Build info: version: '3.8.1', revision: '6e95a6684b', time: '2017-12-01T18:33:54.468Z'
System info: host: 'Ahmads-MacBook-Pro.local', ip: '2001:16a2:8870:ed00:9d68:bd2e:966e:ede2%en0', os.name: 'Mac OS X', os.arch: 'x86_64', os.version: '10.15.5', java.version: '14.0.1'
Driver info: org.openqa.selenium.chrome.ChromeDriver
Capabilities {acceptInsecureCerts: false, browserName: chrome, browserVersion: 84.0.4147.89, chrome: {chromedriverVersion: 83.0.4103.14 (be04594a2b841..., userDataDir: /var/folders/5t/_vmmp4h9367...}, goog:chromeOptions: {debuggerAddress: localhost:61086}, javascriptEnabled: true, networkConnectionEnabled: false, pageLoadStrategy: normal, platform: MAC, platformName: MAC, proxy: Proxy(), setWindowRect: true, strictFileInteractability: false, timeouts: {implicit: 0, pageLoad: 300000, script: 30000}, unhandledPromptBehavior: dismiss and notify, webauthn:virtualAuthenticators: true}
Session ID: 23489b9a7ee112345346a5c37657b252
	at tests.ContactUsTest.UserCanUseContactUs(ContactUsTest.java:21)
</failure>
    <system-out><![CDATA[
0 Scenarios
0 Steps
0m0.000s

No features found at [classpath:tests]
No features found at [classpath:tests]
]]></system-out>
  </testcase>
  <testcase name="screenshotOnFailure" classname="tests.ContactUsTest" time="0.038">
    <failure message="chrome not reachable&#10;  (Session info: chrome=84.0.4147.89)&#10;Build info: version: &apos;3.8.1&apos;, revision: &apos;6e95a6684b&apos;, time: &apos;2017-12-01T18:33:54.468Z&apos;&#10;System info: host: &apos;Ahmads-MacBook-Pro.local&apos;, ip: &apos;2001:16a2:8870:ed00:9d68:bd2e:966e:ede2%en0&apos;, os.name: &apos;Mac OS X&apos;, os.arch: &apos;x86_64&apos;, os.version: &apos;10.15.5&apos;, java.version: &apos;14.0.1&apos;&#10;Driver info: org.openqa.selenium.chrome.ChromeDriver&#10;Capabilities {acceptInsecureCerts: false, browserName: chrome, browserVersion: 84.0.4147.89, chrome: {chromedriverVersion: 83.0.4103.14 (be04594a2b841..., userDataDir: /var/folders/5t/_vmmp4h9367...}, goog:chromeOptions: {debuggerAddress: localhost:61086}, javascriptEnabled: true, networkConnectionEnabled: false, pageLoadStrategy: normal, platform: MAC, platformName: MAC, proxy: Proxy(), setWindowRect: true, strictFileInteractability: false, timeouts: {implicit: 0, pageLoad: 300000, script: 30000}, unhandledPromptBehavior: dismiss and notify, webauthn:virtualAuthenticators: true}&#10;Session ID: 23489b9a7ee112345346a5c37657b252" type="org.openqa.selenium.WebDriverException">org.openqa.selenium.WebDriverException: 
chrome not reachable
  (Session info: chrome=84.0.4147.89)
Build info: version: '3.8.1', revision: '6e95a6684b', time: '2017-12-01T18:33:54.468Z'
System info: host: 'Ahmads-MacBook-Pro.local', ip: '2001:16a2:8870:ed00:9d68:bd2e:966e:ede2%en0', os.name: 'Mac OS X', os.arch: 'x86_64', os.version: '10.15.5', java.version: '14.0.1'
Driver info: org.openqa.selenium.chrome.ChromeDriver
Capabilities {acceptInsecureCerts: false, browserName: chrome, browserVersion: 84.0.4147.89, chrome: {chromedriverVersion: 83.0.4103.14 (be04594a2b841..., userDataDir: /var/folders/5t/_vmmp4h9367...}, goog:chromeOptions: {debuggerAddress: localhost:61086}, javascriptEnabled: true, networkConnectionEnabled: false, pageLoadStrategy: normal, platform: MAC, platformName: MAC, proxy: Proxy(), setWindowRect: true, strictFileInteractability: false, timeouts: {implicit: 0, pageLoad: 300000, script: 30000}, unhandledPromptBehavior: dismiss and notify, webauthn:virtualAuthenticators: true}
Session ID: 23489b9a7ee112345346a5c37657b252
</failure>
    <system-out><![CDATA[Failed!
Taking Screenshot....
]]></system-out>
  </testcase>
  <testcase name="UserCanRegisterSuccssfully" classname="tests.AddProductReviewTest" time="0.012">
    <failure message="chrome not reachable&#10;  (Session info: chrome=84.0.4147.89)&#10;Build info: version: &apos;3.8.1&apos;, revision: &apos;6e95a6684b&apos;, time: &apos;2017-12-01T18:33:54.468Z&apos;&#10;System info: host: &apos;Ahmads-MacBook-Pro.local&apos;, ip: &apos;2001:16a2:8870:ed00:9d68:bd2e:966e:ede2%en0&apos;, os.name: &apos;Mac OS X&apos;, os.arch: &apos;x86_64&apos;, os.version: &apos;10.15.5&apos;, java.version: &apos;14.0.1&apos;&#10;Driver info: org.openqa.selenium.chrome.ChromeDriver&#10;Capabilities {acceptInsecureCerts: false, browserName: chrome, browserVersion: 84.0.4147.89, chrome: {chromedriverVersion: 83.0.4103.14 (be04594a2b841..., userDataDir: /var/folders/5t/_vmmp4h9367...}, goog:chromeOptions: {debuggerAddress: localhost:61086}, javascriptEnabled: true, networkConnectionEnabled: false, pageLoadStrategy: normal, platform: MAC, platformName: MAC, proxy: Proxy(), setWindowRect: true, strictFileInteractability: false, timeouts: {implicit: 0, pageLoad: 300000, script: 30000}, unhandledPromptBehavior: dismiss and notify, webauthn:virtualAuthenticators: true}&#10;Session ID: 23489b9a7ee112345346a5c37657b252&#10;*** Element info: {Using=css selector, value=a.ico-register}" type="org.openqa.selenium.WebDriverException">org.openqa.selenium.WebDriverException: 
chrome not reachable
  (Session info: chrome=84.0.4147.89)
Build info: version: '3.8.1', revision: '6e95a6684b', time: '2017-12-01T18:33:54.468Z'
System info: host: 'Ahmads-MacBook-Pro.local', ip: '2001:16a2:8870:ed00:9d68:bd2e:966e:ede2%en0', os.name: 'Mac OS X', os.arch: 'x86_64', os.version: '10.15.5', java.version: '14.0.1'
Driver info: org.openqa.selenium.chrome.ChromeDriver
Capabilities {acceptInsecureCerts: false, browserName: chrome, browserVersion: 84.0.4147.89, chrome: {chromedriverVersion: 83.0.4103.14 (be04594a2b841..., userDataDir: /var/folders/5t/_vmmp4h9367...}, goog:chromeOptions: {debuggerAddress: localhost:61086}, javascriptEnabled: true, networkConnectionEnabled: false, pageLoadStrategy: normal, platform: MAC, platformName: MAC, proxy: Proxy(), setWindowRect: true, strictFileInteractability: false, timeouts: {implicit: 0, pageLoad: 300000, script: 30000}, unhandledPromptBehavior: dismiss and notify, webauthn:virtualAuthenticators: true}
Session ID: 23489b9a7ee112345346a5c37657b252
*** Element info: {Using=css selector, value=a.ico-register}
	at tests.AddProductReviewTest.UserCanRegisterSuccssfully(AddProductReviewTest.java:36)
</failure>
    <system-out><![CDATA[
0 Scenarios
0 Steps
0m0.000s

]]></system-out>
  </testcase>
  <testcase name="screenshotOnFailure" classname="tests.AddProductReviewTest" time="0.027">
    <failure message="chrome not reachable&#10;  (Session info: chrome=84.0.4147.89)&#10;Build info: version: &apos;3.8.1&apos;, revision: &apos;6e95a6684b&apos;, time: &apos;2017-12-01T18:33:54.468Z&apos;&#10;System info: host: &apos;Ahmads-MacBook-Pro.local&apos;, ip: &apos;2001:16a2:8870:ed00:9d68:bd2e:966e:ede2%en0&apos;, os.name: &apos;Mac OS X&apos;, os.arch: &apos;x86_64&apos;, os.version: &apos;10.15.5&apos;, java.version: &apos;14.0.1&apos;&#10;Driver info: org.openqa.selenium.chrome.ChromeDriver&#10;Capabilities {acceptInsecureCerts: false, browserName: chrome, browserVersion: 84.0.4147.89, chrome: {chromedriverVersion: 83.0.4103.14 (be04594a2b841..., userDataDir: /var/folders/5t/_vmmp4h9367...}, goog:chromeOptions: {debuggerAddress: localhost:61086}, javascriptEnabled: true, networkConnectionEnabled: false, pageLoadStrategy: normal, platform: MAC, platformName: MAC, proxy: Proxy(), setWindowRect: true, strictFileInteractability: false, timeouts: {implicit: 0, pageLoad: 300000, script: 30000}, unhandledPromptBehavior: dismiss and notify, webauthn:virtualAuthenticators: true}&#10;Session ID: 23489b9a7ee112345346a5c37657b252" type="org.openqa.selenium.WebDriverException">org.openqa.selenium.WebDriverException: 
chrome not reachable
  (Session info: chrome=84.0.4147.89)
Build info: version: '3.8.1', revision: '6e95a6684b', time: '2017-12-01T18:33:54.468Z'
System info: host: 'Ahmads-MacBook-Pro.local', ip: '2001:16a2:8870:ed00:9d68:bd2e:966e:ede2%en0', os.name: 'Mac OS X', os.arch: 'x86_64', os.version: '10.15.5', java.version: '14.0.1'
Driver info: org.openqa.selenium.chrome.ChromeDriver
Capabilities {acceptInsecureCerts: false, browserName: chrome, browserVersion: 84.0.4147.89, chrome: {chromedriverVersion: 83.0.4103.14 (be04594a2b841..., userDataDir: /var/folders/5t/_vmmp4h9367...}, goog:chromeOptions: {debuggerAddress: localhost:61086}, javascriptEnabled: true, networkConnectionEnabled: false, pageLoadStrategy: normal, platform: MAC, platformName: MAC, proxy: Proxy(), setWindowRect: true, strictFileInteractability: false, timeouts: {implicit: 0, pageLoad: 300000, script: 30000}, unhandledPromptBehavior: dismiss and notify, webauthn:virtualAuthenticators: true}
Session ID: 23489b9a7ee112345346a5c37657b252
</failure>
    <system-out><![CDATA[Failed!
Taking Screenshot....
]]></system-out>
  </testcase>
  <testcase name="screenshotOnFailure" classname="tests.AddProductReviewTest" time="0">
    <skipped/>
  </testcase>
  <testcase name="screenshotOnFailure" classname="tests.AddProductReviewTest" time="0">
    <skipped/>
  </testcase>
  <testcase name="screenshotOnFailure" classname="tests.AddProductReviewTest" time="0">
    <skipped/>
  </testcase>
  <testcase name="UserCanCompareProducts" classname="tests.AddProductToCompareTest" time="0.018">
    <failure message="chrome not reachable&#10;  (Session info: chrome=84.0.4147.89)&#10;Build info: version: &apos;3.8.1&apos;, revision: &apos;6e95a6684b&apos;, time: &apos;2017-12-01T18:33:54.468Z&apos;&#10;System info: host: &apos;Ahmads-MacBook-Pro.local&apos;, ip: &apos;2001:16a2:8870:ed00:9d68:bd2e:966e:ede2%en0&apos;, os.name: &apos;Mac OS X&apos;, os.arch: &apos;x86_64&apos;, os.version: &apos;10.15.5&apos;, java.version: &apos;14.0.1&apos;&#10;Driver info: org.openqa.selenium.chrome.ChromeDriver&#10;Capabilities {acceptInsecureCerts: false, browserName: chrome, browserVersion: 84.0.4147.89, chrome: {chromedriverVersion: 83.0.4103.14 (be04594a2b841..., userDataDir: /var/folders/5t/_vmmp4h9367...}, goog:chromeOptions: {debuggerAddress: localhost:61086}, javascriptEnabled: true, networkConnectionEnabled: false, pageLoadStrategy: normal, platform: MAC, platformName: MAC, proxy: Proxy(), setWindowRect: true, strictFileInteractability: false, timeouts: {implicit: 0, pageLoad: 300000, script: 30000}, unhandledPromptBehavior: dismiss and notify, webauthn:virtualAuthenticators: true}&#10;Session ID: 23489b9a7ee112345346a5c37657b252&#10;*** Element info: {Using=id, value=small-searchterms}" type="org.openqa.selenium.WebDriverException">org.openqa.selenium.WebDriverException: 
chrome not reachable
  (Session info: chrome=84.0.4147.89)
Build info: version: '3.8.1', revision: '6e95a6684b', time: '2017-12-01T18:33:54.468Z'
System info: host: 'Ahmads-MacBook-Pro.local', ip: '2001:16a2:8870:ed00:9d68:bd2e:966e:ede2%en0', os.name: 'Mac OS X', os.arch: 'x86_64', os.version: '10.15.5', java.version: '14.0.1'
Driver info: org.openqa.selenium.chrome.ChromeDriver
Capabilities {acceptInsecureCerts: false, browserName: chrome, browserVersion: 84.0.4147.89, chrome: {chromedriverVersion: 83.0.4103.14 (be04594a2b841..., userDataDir: /var/folders/5t/_vmmp4h9367...}, goog:chromeOptions: {debuggerAddress: localhost:61086}, javascriptEnabled: true, networkConnectionEnabled: false, pageLoadStrategy: normal, platform: MAC, platformName: MAC, proxy: Proxy(), setWindowRect: true, strictFileInteractability: false, timeouts: {implicit: 0, pageLoad: 300000, script: 30000}, unhandledPromptBehavior: dismiss and notify, webauthn:virtualAuthenticators: true}
Session ID: 23489b9a7ee112345346a5c37657b252
*** Element info: {Using=id, value=small-searchterms}
	at tests.AddProductToCompareTest.UserCanCompareProducts(AddProductToCompareTest.java:32)
</failure>
  </testcase>
  <testcase name="screenshotOnFailure" classname="tests.AddProductToCompareTest" time="0.092">
    <failure message="chrome not reachable&#10;  (Session info: chrome=84.0.4147.89)&#10;Build info: version: &apos;3.8.1&apos;, revision: &apos;6e95a6684b&apos;, time: &apos;2017-12-01T18:33:54.468Z&apos;&#10;System info: host: &apos;Ahmads-MacBook-Pro.local&apos;, ip: &apos;2001:16a2:8870:ed00:9d68:bd2e:966e:ede2%en0&apos;, os.name: &apos;Mac OS X&apos;, os.arch: &apos;x86_64&apos;, os.version: &apos;10.15.5&apos;, java.version: &apos;14.0.1&apos;&#10;Driver info: org.openqa.selenium.chrome.ChromeDriver&#10;Capabilities {acceptInsecureCerts: false, browserName: chrome, browserVersion: 84.0.4147.89, chrome: {chromedriverVersion: 83.0.4103.14 (be04594a2b841..., userDataDir: /var/folders/5t/_vmmp4h9367...}, goog:chromeOptions: {debuggerAddress: localhost:61086}, javascriptEnabled: true, networkConnectionEnabled: false, pageLoadStrategy: normal, platform: MAC, platformName: MAC, proxy: Proxy(), setWindowRect: true, strictFileInteractability: false, timeouts: {implicit: 0, pageLoad: 300000, script: 30000}, unhandledPromptBehavior: dismiss and notify, webauthn:virtualAuthenticators: true}&#10;Session ID: 23489b9a7ee112345346a5c37657b252" type="org.openqa.selenium.WebDriverException">org.openqa.selenium.WebDriverException: 
chrome not reachable
  (Session info: chrome=84.0.4147.89)
Build info: version: '3.8.1', revision: '6e95a6684b', time: '2017-12-01T18:33:54.468Z'
System info: host: 'Ahmads-MacBook-Pro.local', ip: '2001:16a2:8870:ed00:9d68:bd2e:966e:ede2%en0', os.name: 'Mac OS X', os.arch: 'x86_64', os.version: '10.15.5', java.version: '14.0.1'
Driver info: org.openqa.selenium.chrome.ChromeDriver
Capabilities {acceptInsecureCerts: false, browserName: chrome, browserVersion: 84.0.4147.89, chrome: {chromedriverVersion: 83.0.4103.14 (be04594a2b841..., userDataDir: /var/folders/5t/_vmmp4h9367...}, goog:chromeOptions: {debuggerAddress: localhost:61086}, javascriptEnabled: true, networkConnectionEnabled: false, pageLoadStrategy: normal, platform: MAC, platformName: MAC, proxy: Proxy(), setWindowRect: true, strictFileInteractability: false, timeouts: {implicit: 0, pageLoad: 300000, script: 30000}, unhandledPromptBehavior: dismiss and notify, webauthn:virtualAuthenticators: true}
Session ID: 23489b9a7ee112345346a5c37657b252
</failure>
    <system-out><![CDATA[Failed!
Taking Screenshot....
]]></system-out>
  </testcase>
  <testcase name="screenshotOnFailure" classname="tests.AddProductToCompareTest" time="0">
    <skipped/>
  </testcase>
  <testcase name="UserCanSearchForProductsWithAutoSuggest" classname="tests.AddProductToShoppingCartTest" time="0.014">
    <failure message="chrome not reachable&#10;  (Session info: chrome=84.0.4147.89)&#10;Build info: version: &apos;3.8.1&apos;, revision: &apos;6e95a6684b&apos;, time: &apos;2017-12-01T18:33:54.468Z&apos;&#10;System info: host: &apos;Ahmads-MacBook-Pro.local&apos;, ip: &apos;2001:16a2:8870:ed00:9d68:bd2e:966e:ede2%en0&apos;, os.name: &apos;Mac OS X&apos;, os.arch: &apos;x86_64&apos;, os.version: &apos;10.15.5&apos;, java.version: &apos;14.0.1&apos;&#10;Driver info: org.openqa.selenium.chrome.ChromeDriver&#10;Capabilities {acceptInsecureCerts: false, browserName: chrome, browserVersion: 84.0.4147.89, chrome: {chromedriverVersion: 83.0.4103.14 (be04594a2b841..., userDataDir: /var/folders/5t/_vmmp4h9367...}, goog:chromeOptions: {debuggerAddress: localhost:61086}, javascriptEnabled: true, networkConnectionEnabled: false, pageLoadStrategy: normal, platform: MAC, platformName: MAC, proxy: Proxy(), setWindowRect: true, strictFileInteractability: false, timeouts: {implicit: 0, pageLoad: 300000, script: 30000}, unhandledPromptBehavior: dismiss and notify, webauthn:virtualAuthenticators: true}&#10;Session ID: 23489b9a7ee112345346a5c37657b252&#10;*** Element info: {Using=id, value=small-searchterms}" type="org.openqa.selenium.WebDriverException">org.openqa.selenium.WebDriverException: 
chrome not reachable
  (Session info: chrome=84.0.4147.89)
Build info: version: '3.8.1', revision: '6e95a6684b', time: '2017-12-01T18:33:54.468Z'
System info: host: 'Ahmads-MacBook-Pro.local', ip: '2001:16a2:8870:ed00:9d68:bd2e:966e:ede2%en0', os.name: 'Mac OS X', os.arch: 'x86_64', os.version: '10.15.5', java.version: '14.0.1'
Driver info: org.openqa.selenium.chrome.ChromeDriver
Capabilities {acceptInsecureCerts: false, browserName: chrome, browserVersion: 84.0.4147.89, chrome: {chromedriverVersion: 83.0.4103.14 (be04594a2b841..., userDataDir: /var/folders/5t/_vmmp4h9367...}, goog:chromeOptions: {debuggerAddress: localhost:61086}, javascriptEnabled: true, networkConnectionEnabled: false, pageLoadStrategy: normal, platform: MAC, platformName: MAC, proxy: Proxy(), setWindowRect: true, strictFileInteractability: false, timeouts: {implicit: 0, pageLoad: 300000, script: 30000}, unhandledPromptBehavior: dismiss and notify, webauthn:virtualAuthenticators: true}
Session ID: 23489b9a7ee112345346a5c37657b252
*** Element info: {Using=id, value=small-searchterms}
	at tests.AddProductToShoppingCartTest.UserCanSearchForProductsWithAutoSuggest(AddProductToShoppingCartTest.java:20)
</failure>
  </testcase>
  <testcase name="screenshotOnFailure" classname="tests.AddProductToShoppingCartTest" time="0.026">
    <failure message="chrome not reachable&#10;  (Session info: chrome=84.0.4147.89)&#10;Build info: version: &apos;3.8.1&apos;, revision: &apos;6e95a6684b&apos;, time: &apos;2017-12-01T18:33:54.468Z&apos;&#10;System info: host: &apos;Ahmads-MacBook-Pro.local&apos;, ip: &apos;2001:16a2:8870:ed00:9d68:bd2e:966e:ede2%en0&apos;, os.name: &apos;Mac OS X&apos;, os.arch: &apos;x86_64&apos;, os.version: &apos;10.15.5&apos;, java.version: &apos;14.0.1&apos;&#10;Driver info: org.openqa.selenium.chrome.ChromeDriver&#10;Capabilities {acceptInsecureCerts: false, browserName: chrome, browserVersion: 84.0.4147.89, chrome: {chromedriverVersion: 83.0.4103.14 (be04594a2b841..., userDataDir: /var/folders/5t/_vmmp4h9367...}, goog:chromeOptions: {debuggerAddress: localhost:61086}, javascriptEnabled: true, networkConnectionEnabled: false, pageLoadStrategy: normal, platform: MAC, platformName: MAC, proxy: Proxy(), setWindowRect: true, strictFileInteractability: false, timeouts: {implicit: 0, pageLoad: 300000, script: 30000}, unhandledPromptBehavior: dismiss and notify, webauthn:virtualAuthenticators: true}&#10;Session ID: 23489b9a7ee112345346a5c37657b252" type="org.openqa.selenium.WebDriverException">org.openqa.selenium.WebDriverException: 
chrome not reachable
  (Session info: chrome=84.0.4147.89)
Build info: version: '3.8.1', revision: '6e95a6684b', time: '2017-12-01T18:33:54.468Z'
System info: host: 'Ahmads-MacBook-Pro.local', ip: '2001:16a2:8870:ed00:9d68:bd2e:966e:ede2%en0', os.name: 'Mac OS X', os.arch: 'x86_64', os.version: '10.15.5', java.version: '14.0.1'
Driver info: org.openqa.selenium.chrome.ChromeDriver
Capabilities {acceptInsecureCerts: false, browserName: chrome, browserVersion: 84.0.4147.89, chrome: {chromedriverVersion: 83.0.4103.14 (be04594a2b841..., userDataDir: /var/folders/5t/_vmmp4h9367...}, goog:chromeOptions: {debuggerAddress: localhost:61086}, javascriptEnabled: true, networkConnectionEnabled: false, pageLoadStrategy: normal, platform: MAC, platformName: MAC, proxy: Proxy(), setWindowRect: true, strictFileInteractability: false, timeouts: {implicit: 0, pageLoad: 300000, script: 30000}, unhandledPromptBehavior: dismiss and notify, webauthn:virtualAuthenticators: true}
Session ID: 23489b9a7ee112345346a5c37657b252
</failure>
    <system-out><![CDATA[Failed!
Taking Screenshot....
]]></system-out>
  </testcase>
  <testcase name="screenshotOnFailure" classname="tests.AddProductToShoppingCartTest" time="0">
    <skipped/>
  </testcase>
  <testcase name="screenshotOnFailure" classname="tests.AddProductToShoppingCartTest" time="0">
    <skipped/>
  </testcase>
  <testcase name="UserCanSearchForProductsWithAutoSuggest" classname="tests.AddProductToWishListTest" time="0.018">
    <failure message="chrome not reachable&#10;  (Session info: chrome=84.0.4147.89)&#10;Build info: version: &apos;3.8.1&apos;, revision: &apos;6e95a6684b&apos;, time: &apos;2017-12-01T18:33:54.468Z&apos;&#10;System info: host: &apos;Ahmads-MacBook-Pro.local&apos;, ip: &apos;2001:16a2:8870:ed00:9d68:bd2e:966e:ede2%en0&apos;, os.name: &apos;Mac OS X&apos;, os.arch: &apos;x86_64&apos;, os.version: &apos;10.15.5&apos;, java.version: &apos;14.0.1&apos;&#10;Driver info: org.openqa.selenium.chrome.ChromeDriver&#10;Capabilities {acceptInsecureCerts: false, browserName: chrome, browserVersion: 84.0.4147.89, chrome: {chromedriverVersion: 83.0.4103.14 (be04594a2b841..., userDataDir: /var/folders/5t/_vmmp4h9367...}, goog:chromeOptions: {debuggerAddress: localhost:61086}, javascriptEnabled: true, networkConnectionEnabled: false, pageLoadStrategy: normal, platform: MAC, platformName: MAC, proxy: Proxy(), setWindowRect: true, strictFileInteractability: false, timeouts: {implicit: 0, pageLoad: 300000, script: 30000}, unhandledPromptBehavior: dismiss and notify, webauthn:virtualAuthenticators: true}&#10;Session ID: 23489b9a7ee112345346a5c37657b252&#10;*** Element info: {Using=id, value=small-searchterms}" type="org.openqa.selenium.WebDriverException">org.openqa.selenium.WebDriverException: 
chrome not reachable
  (Session info: chrome=84.0.4147.89)
Build info: version: '3.8.1', revision: '6e95a6684b', time: '2017-12-01T18:33:54.468Z'
System info: host: 'Ahmads-MacBook-Pro.local', ip: '2001:16a2:8870:ed00:9d68:bd2e:966e:ede2%en0', os.name: 'Mac OS X', os.arch: 'x86_64', os.version: '10.15.5', java.version: '14.0.1'
Driver info: org.openqa.selenium.chrome.ChromeDriver
Capabilities {acceptInsecureCerts: false, browserName: chrome, browserVersion: 84.0.4147.89, chrome: {chromedriverVersion: 83.0.4103.14 (be04594a2b841..., userDataDir: /var/folders/5t/_vmmp4h9367...}, goog:chromeOptions: {debuggerAddress: localhost:61086}, javascriptEnabled: true, networkConnectionEnabled: false, pageLoadStrategy: normal, platform: MAC, platformName: MAC, proxy: Proxy(), setWindowRect: true, strictFileInteractability: false, timeouts: {implicit: 0, pageLoad: 300000, script: 30000}, unhandledPromptBehavior: dismiss and notify, webauthn:virtualAuthenticators: true}
Session ID: 23489b9a7ee112345346a5c37657b252
*** Element info: {Using=id, value=small-searchterms}
	at tests.AddProductToWishListTest.UserCanSearchForProductsWithAutoSuggest(AddProductToWishListTest.java:20)
</failure>
  </testcase>
  <testcase name="screenshotOnFailure" classname="tests.AddProductToWishListTest" time="0.035">
    <failure message="chrome not reachable&#10;  (Session info: chrome=84.0.4147.89)&#10;Build info: version: &apos;3.8.1&apos;, revision: &apos;6e95a6684b&apos;, time: &apos;2017-12-01T18:33:54.468Z&apos;&#10;System info: host: &apos;Ahmads-MacBook-Pro.local&apos;, ip: &apos;2001:16a2:8870:ed00:9d68:bd2e:966e:ede2%en0&apos;, os.name: &apos;Mac OS X&apos;, os.arch: &apos;x86_64&apos;, os.version: &apos;10.15.5&apos;, java.version: &apos;14.0.1&apos;&#10;Driver info: org.openqa.selenium.chrome.ChromeDriver&#10;Capabilities {acceptInsecureCerts: false, browserName: chrome, browserVersion: 84.0.4147.89, chrome: {chromedriverVersion: 83.0.4103.14 (be04594a2b841..., userDataDir: /var/folders/5t/_vmmp4h9367...}, goog:chromeOptions: {debuggerAddress: localhost:61086}, javascriptEnabled: true, networkConnectionEnabled: false, pageLoadStrategy: normal, platform: MAC, platformName: MAC, proxy: Proxy(), setWindowRect: true, strictFileInteractability: false, timeouts: {implicit: 0, pageLoad: 300000, script: 30000}, unhandledPromptBehavior: dismiss and notify, webauthn:virtualAuthenticators: true}&#10;Session ID: 23489b9a7ee112345346a5c37657b252" type="org.openqa.selenium.WebDriverException">org.openqa.selenium.WebDriverException: 
chrome not reachable
  (Session info: chrome=84.0.4147.89)
Build info: version: '3.8.1', revision: '6e95a6684b', time: '2017-12-01T18:33:54.468Z'
System info: host: 'Ahmads-MacBook-Pro.local', ip: '2001:16a2:8870:ed00:9d68:bd2e:966e:ede2%en0', os.name: 'Mac OS X', os.arch: 'x86_64', os.version: '10.15.5', java.version: '14.0.1'
Driver info: org.openqa.selenium.chrome.ChromeDriver
Capabilities {acceptInsecureCerts: false, browserName: chrome, browserVersion: 84.0.4147.89, chrome: {chromedriverVersion: 83.0.4103.14 (be04594a2b841..., userDataDir: /var/folders/5t/_vmmp4h9367...}, goog:chromeOptions: {debuggerAddress: localhost:61086}, javascriptEnabled: true, networkConnectionEnabled: false, pageLoadStrategy: normal, platform: MAC, platformName: MAC, proxy: Proxy(), setWindowRect: true, strictFileInteractability: false, timeouts: {implicit: 0, pageLoad: 300000, script: 30000}, unhandledPromptBehavior: dismiss and notify, webauthn:virtualAuthenticators: true}
Session ID: 23489b9a7ee112345346a5c37657b252
</failure>
    <system-out><![CDATA[Failed!
Taking Screenshot....
]]></system-out>
  </testcase>
  <testcase name="screenshotOnFailure" classname="tests.AddProductToWishListTest" time="0">
    <skipped/>
  </testcase>
  <testcase name="screenshotOnFailure" classname="tests.AddProductToWishListTest" time="0">
    <skipped/>
  </testcase>
  <testcase name="UserCanCanChangeCurrency" classname="tests.ChangeCurrencyTest" time="0.029">
    <failure message="chrome not reachable&#10;  (Session info: chrome=84.0.4147.89)&#10;Build info: version: &apos;3.8.1&apos;, revision: &apos;6e95a6684b&apos;, time: &apos;2017-12-01T18:33:54.468Z&apos;&#10;System info: host: &apos;Ahmads-MacBook-Pro.local&apos;, ip: &apos;2001:16a2:8870:ed00:9d68:bd2e:966e:ede2%en0&apos;, os.name: &apos;Mac OS X&apos;, os.arch: &apos;x86_64&apos;, os.version: &apos;10.15.5&apos;, java.version: &apos;14.0.1&apos;&#10;Driver info: org.openqa.selenium.chrome.ChromeDriver&#10;Capabilities {acceptInsecureCerts: false, browserName: chrome, browserVersion: 84.0.4147.89, chrome: {chromedriverVersion: 83.0.4103.14 (be04594a2b841..., userDataDir: /var/folders/5t/_vmmp4h9367...}, goog:chromeOptions: {debuggerAddress: localhost:61086}, javascriptEnabled: true, networkConnectionEnabled: false, pageLoadStrategy: normal, platform: MAC, platformName: MAC, proxy: Proxy(), setWindowRect: true, strictFileInteractability: false, timeouts: {implicit: 0, pageLoad: 300000, script: 30000}, unhandledPromptBehavior: dismiss and notify, webauthn:virtualAuthenticators: true}&#10;Session ID: 23489b9a7ee112345346a5c37657b252&#10;*** Element info: {Using=id, value=customerCurrency}" type="org.openqa.selenium.WebDriverException">org.openqa.selenium.WebDriverException: 
chrome not reachable
  (Session info: chrome=84.0.4147.89)
Build info: version: '3.8.1', revision: '6e95a6684b', time: '2017-12-01T18:33:54.468Z'
System info: host: 'Ahmads-MacBook-Pro.local', ip: '2001:16a2:8870:ed00:9d68:bd2e:966e:ede2%en0', os.name: 'Mac OS X', os.arch: 'x86_64', os.version: '10.15.5', java.version: '14.0.1'
Driver info: org.openqa.selenium.chrome.ChromeDriver
Capabilities {acceptInsecureCerts: false, browserName: chrome, browserVersion: 84.0.4147.89, chrome: {chromedriverVersion: 83.0.4103.14 (be04594a2b841..., userDataDir: /var/folders/5t/_vmmp4h9367...}, goog:chromeOptions: {debuggerAddress: localhost:61086}, javascriptEnabled: true, networkConnectionEnabled: false, pageLoadStrategy: normal, platform: MAC, platformName: MAC, proxy: Proxy(), setWindowRect: true, strictFileInteractability: false, timeouts: {implicit: 0, pageLoad: 300000, script: 30000}, unhandledPromptBehavior: dismiss and notify, webauthn:virtualAuthenticators: true}
Session ID: 23489b9a7ee112345346a5c37657b252
*** Element info: {Using=id, value=customerCurrency}
	at tests.ChangeCurrencyTest.UserCanCanChangeCurrency(ChangeCurrencyTest.java:21)
</failure>
  </testcase>
  <testcase name="screenshotOnFailure" classname="tests.ChangeCurrencyTest" time="0.041">
    <failure message="chrome not reachable&#10;  (Session info: chrome=84.0.4147.89)&#10;Build info: version: &apos;3.8.1&apos;, revision: &apos;6e95a6684b&apos;, time: &apos;2017-12-01T18:33:54.468Z&apos;&#10;System info: host: &apos;Ahmads-MacBook-Pro.local&apos;, ip: &apos;2001:16a2:8870:ed00:9d68:bd2e:966e:ede2%en0&apos;, os.name: &apos;Mac OS X&apos;, os.arch: &apos;x86_64&apos;, os.version: &apos;10.15.5&apos;, java.version: &apos;14.0.1&apos;&#10;Driver info: org.openqa.selenium.chrome.ChromeDriver&#10;Capabilities {acceptInsecureCerts: false, browserName: chrome, browserVersion: 84.0.4147.89, chrome: {chromedriverVersion: 83.0.4103.14 (be04594a2b841..., userDataDir: /var/folders/5t/_vmmp4h9367...}, goog:chromeOptions: {debuggerAddress: localhost:61086}, javascriptEnabled: true, networkConnectionEnabled: false, pageLoadStrategy: normal, platform: MAC, platformName: MAC, proxy: Proxy(), setWindowRect: true, strictFileInteractability: false, timeouts: {implicit: 0, pageLoad: 300000, script: 30000}, unhandledPromptBehavior: dismiss and notify, webauthn:virtualAuthenticators: true}&#10;Session ID: 23489b9a7ee112345346a5c37657b252" type="org.openqa.selenium.WebDriverException">org.openqa.selenium.WebDriverException: 
chrome not reachable
  (Session info: chrome=84.0.4147.89)
Build info: version: '3.8.1', revision: '6e95a6684b', time: '2017-12-01T18:33:54.468Z'
System info: host: 'Ahmads-MacBook-Pro.local', ip: '2001:16a2:8870:ed00:9d68:bd2e:966e:ede2%en0', os.name: 'Mac OS X', os.arch: 'x86_64', os.version: '10.15.5', java.version: '14.0.1'
Driver info: org.openqa.selenium.chrome.ChromeDriver
Capabilities {acceptInsecureCerts: false, browserName: chrome, browserVersion: 84.0.4147.89, chrome: {chromedriverVersion: 83.0.4103.14 (be04594a2b841..., userDataDir: /var/folders/5t/_vmmp4h9367...}, goog:chromeOptions: {debuggerAddress: localhost:61086}, javascriptEnabled: true, networkConnectionEnabled: false, pageLoadStrategy: normal, platform: MAC, platformName: MAC, proxy: Proxy(), setWindowRect: true, strictFileInteractability: false, timeouts: {implicit: 0, pageLoad: 300000, script: 30000}, unhandledPromptBehavior: dismiss and notify, webauthn:virtualAuthenticators: true}
Session ID: 23489b9a7ee112345346a5c37657b252
</failure>
    <system-out><![CDATA[Failed!
Taking Screenshot....
]]></system-out>
  </testcase>
  <testcase name="screenshotOnFailure" classname="tests.ChangeCurrencyTest" time="0">
    <skipped/>
  </testcase>
  <testcase name="UserCanRegisterSuccssfully" classname="tests.EmailFriendTest" time="0.017">
    <failure message="chrome not reachable&#10;  (Session info: chrome=84.0.4147.89)&#10;Build info: version: &apos;3.8.1&apos;, revision: &apos;6e95a6684b&apos;, time: &apos;2017-12-01T18:33:54.468Z&apos;&#10;System info: host: &apos;Ahmads-MacBook-Pro.local&apos;, ip: &apos;2001:16a2:8870:ed00:9d68:bd2e:966e:ede2%en0&apos;, os.name: &apos;Mac OS X&apos;, os.arch: &apos;x86_64&apos;, os.version: &apos;10.15.5&apos;, java.version: &apos;14.0.1&apos;&#10;Driver info: org.openqa.selenium.chrome.ChromeDriver&#10;Capabilities {acceptInsecureCerts: false, browserName: chrome, browserVersion: 84.0.4147.89, chrome: {chromedriverVersion: 83.0.4103.14 (be04594a2b841..., userDataDir: /var/folders/5t/_vmmp4h9367...}, goog:chromeOptions: {debuggerAddress: localhost:61086}, javascriptEnabled: true, networkConnectionEnabled: false, pageLoadStrategy: normal, platform: MAC, platformName: MAC, proxy: Proxy(), setWindowRect: true, strictFileInteractability: false, timeouts: {implicit: 0, pageLoad: 300000, script: 30000}, unhandledPromptBehavior: dismiss and notify, webauthn:virtualAuthenticators: true}&#10;Session ID: 23489b9a7ee112345346a5c37657b252&#10;*** Element info: {Using=css selector, value=a.ico-register}" type="org.openqa.selenium.WebDriverException">org.openqa.selenium.WebDriverException: 
chrome not reachable
  (Session info: chrome=84.0.4147.89)
Build info: version: '3.8.1', revision: '6e95a6684b', time: '2017-12-01T18:33:54.468Z'
System info: host: 'Ahmads-MacBook-Pro.local', ip: '2001:16a2:8870:ed00:9d68:bd2e:966e:ede2%en0', os.name: 'Mac OS X', os.arch: 'x86_64', os.version: '10.15.5', java.version: '14.0.1'
Driver info: org.openqa.selenium.chrome.ChromeDriver
Capabilities {acceptInsecureCerts: false, browserName: chrome, browserVersion: 84.0.4147.89, chrome: {chromedriverVersion: 83.0.4103.14 (be04594a2b841..., userDataDir: /var/folders/5t/_vmmp4h9367...}, goog:chromeOptions: {debuggerAddress: localhost:61086}, javascriptEnabled: true, networkConnectionEnabled: false, pageLoadStrategy: normal, platform: MAC, platformName: MAC, proxy: Proxy(), setWindowRect: true, strictFileInteractability: false, timeouts: {implicit: 0, pageLoad: 300000, script: 30000}, unhandledPromptBehavior: dismiss and notify, webauthn:virtualAuthenticators: true}
Session ID: 23489b9a7ee112345346a5c37657b252
*** Element info: {Using=css selector, value=a.ico-register}
	at tests.EmailFriendTest.UserCanRegisterSuccssfully(EmailFriendTest.java:28)
</failure>
  </testcase>
  <testcase name="screenshotOnFailure" classname="tests.EmailFriendTest" time="0.034">
    <failure message="chrome not reachable&#10;  (Session info: chrome=84.0.4147.89)&#10;Build info: version: &apos;3.8.1&apos;, revision: &apos;6e95a6684b&apos;, time: &apos;2017-12-01T18:33:54.468Z&apos;&#10;System info: host: &apos;Ahmads-MacBook-Pro.local&apos;, ip: &apos;2001:16a2:8870:ed00:9d68:bd2e:966e:ede2%en0&apos;, os.name: &apos;Mac OS X&apos;, os.arch: &apos;x86_64&apos;, os.version: &apos;10.15.5&apos;, java.version: &apos;14.0.1&apos;&#10;Driver info: org.openqa.selenium.chrome.ChromeDriver&#10;Capabilities {acceptInsecureCerts: false, browserName: chrome, browserVersion: 84.0.4147.89, chrome: {chromedriverVersion: 83.0.4103.14 (be04594a2b841..., userDataDir: /var/folders/5t/_vmmp4h9367...}, goog:chromeOptions: {debuggerAddress: localhost:61086}, javascriptEnabled: true, networkConnectionEnabled: false, pageLoadStrategy: normal, platform: MAC, platformName: MAC, proxy: Proxy(), setWindowRect: true, strictFileInteractability: false, timeouts: {implicit: 0, pageLoad: 300000, script: 30000}, unhandledPromptBehavior: dismiss and notify, webauthn:virtualAuthenticators: true}&#10;Session ID: 23489b9a7ee112345346a5c37657b252" type="org.openqa.selenium.WebDriverException">org.openqa.selenium.WebDriverException: 
chrome not reachable
  (Session info: chrome=84.0.4147.89)
Build info: version: '3.8.1', revision: '6e95a6684b', time: '2017-12-01T18:33:54.468Z'
System info: host: 'Ahmads-MacBook-Pro.local', ip: '2001:16a2:8870:ed00:9d68:bd2e:966e:ede2%en0', os.name: 'Mac OS X', os.arch: 'x86_64', os.version: '10.15.5', java.version: '14.0.1'
Driver info: org.openqa.selenium.chrome.ChromeDriver
Capabilities {acceptInsecureCerts: false, browserName: chrome, browserVersion: 84.0.4147.89, chrome: {chromedriverVersion: 83.0.4103.14 (be04594a2b841..., userDataDir: /var/folders/5t/_vmmp4h9367...}, goog:chromeOptions: {debuggerAddress: localhost:61086}, javascriptEnabled: true, networkConnectionEnabled: false, pageLoadStrategy: normal, platform: MAC, platformName: MAC, proxy: Proxy(), setWindowRect: true, strictFileInteractability: false, timeouts: {implicit: 0, pageLoad: 300000, script: 30000}, unhandledPromptBehavior: dismiss and notify, webauthn:virtualAuthenticators: true}
Session ID: 23489b9a7ee112345346a5c37657b252
</failure>
    <system-out><![CDATA[Failed!
Taking Screenshot....
]]></system-out>
  </testcase>
  <testcase name="screenshotOnFailure" classname="tests.EmailFriendTest" time="0">
    <skipped/>
  </testcase>
  <testcase name="screenshotOnFailure" classname="tests.EmailFriendTest" time="0">
    <skipped/>
  </testcase>
  <testcase name="screenshotOnFailure" classname="tests.EmailFriendTest" time="0">
    <skipped/>
  </testcase>
  <testcase name="UserCanSearchForProductsWithAutoSuggest" classname="tests.GuestCheckoutProductFromCartTest" time="0.008">
    <failure message="chrome not reachable&#10;  (Session info: chrome=84.0.4147.89)&#10;Build info: version: &apos;3.8.1&apos;, revision: &apos;6e95a6684b&apos;, time: &apos;2017-12-01T18:33:54.468Z&apos;&#10;System info: host: &apos;Ahmads-MacBook-Pro.local&apos;, ip: &apos;2001:16a2:8870:ed00:9d68:bd2e:966e:ede2%en0&apos;, os.name: &apos;Mac OS X&apos;, os.arch: &apos;x86_64&apos;, os.version: &apos;10.15.5&apos;, java.version: &apos;14.0.1&apos;&#10;Driver info: org.openqa.selenium.chrome.ChromeDriver&#10;Capabilities {acceptInsecureCerts: false, browserName: chrome, browserVersion: 84.0.4147.89, chrome: {chromedriverVersion: 83.0.4103.14 (be04594a2b841..., userDataDir: /var/folders/5t/_vmmp4h9367...}, goog:chromeOptions: {debuggerAddress: localhost:61086}, javascriptEnabled: true, networkConnectionEnabled: false, pageLoadStrategy: normal, platform: MAC, platformName: MAC, proxy: Proxy(), setWindowRect: true, strictFileInteractability: false, timeouts: {implicit: 0, pageLoad: 300000, script: 30000}, unhandledPromptBehavior: dismiss and notify, webauthn:virtualAuthenticators: true}&#10;Session ID: 23489b9a7ee112345346a5c37657b252&#10;*** Element info: {Using=id, value=small-searchterms}" type="org.openqa.selenium.WebDriverException">org.openqa.selenium.WebDriverException: 
chrome not reachable
  (Session info: chrome=84.0.4147.89)
Build info: version: '3.8.1', revision: '6e95a6684b', time: '2017-12-01T18:33:54.468Z'
System info: host: 'Ahmads-MacBook-Pro.local', ip: '2001:16a2:8870:ed00:9d68:bd2e:966e:ede2%en0', os.name: 'Mac OS X', os.arch: 'x86_64', os.version: '10.15.5', java.version: '14.0.1'
Driver info: org.openqa.selenium.chrome.ChromeDriver
Capabilities {acceptInsecureCerts: false, browserName: chrome, browserVersion: 84.0.4147.89, chrome: {chromedriverVersion: 83.0.4103.14 (be04594a2b841..., userDataDir: /var/folders/5t/_vmmp4h9367...}, goog:chromeOptions: {debuggerAddress: localhost:61086}, javascriptEnabled: true, networkConnectionEnabled: false, pageLoadStrategy: normal, platform: MAC, platformName: MAC, proxy: Proxy(), setWindowRect: true, strictFileInteractability: false, timeouts: {implicit: 0, pageLoad: 300000, script: 30000}, unhandledPromptBehavior: dismiss and notify, webauthn:virtualAuthenticators: true}
Session ID: 23489b9a7ee112345346a5c37657b252
*** Element info: {Using=id, value=small-searchterms}
	at tests.GuestCheckoutProductFromCartTest.UserCanSearchForProductsWithAutoSuggest(GuestCheckoutProductFromCartTest.java:25)
</failure>
  </testcase>
  <testcase name="screenshotOnFailure" classname="tests.GuestCheckoutProductFromCartTest" time="0.022">
    <failure message="chrome not reachable&#10;  (Session info: chrome=84.0.4147.89)&#10;Build info: version: &apos;3.8.1&apos;, revision: &apos;6e95a6684b&apos;, time: &apos;2017-12-01T18:33:54.468Z&apos;&#10;System info: host: &apos;Ahmads-MacBook-Pro.local&apos;, ip: &apos;2001:16a2:8870:ed00:9d68:bd2e:966e:ede2%en0&apos;, os.name: &apos;Mac OS X&apos;, os.arch: &apos;x86_64&apos;, os.version: &apos;10.15.5&apos;, java.version: &apos;14.0.1&apos;&#10;Driver info: org.openqa.selenium.chrome.ChromeDriver&#10;Capabilities {acceptInsecureCerts: false, browserName: chrome, browserVersion: 84.0.4147.89, chrome: {chromedriverVersion: 83.0.4103.14 (be04594a2b841..., userDataDir: /var/folders/5t/_vmmp4h9367...}, goog:chromeOptions: {debuggerAddress: localhost:61086}, javascriptEnabled: true, networkConnectionEnabled: false, pageLoadStrategy: normal, platform: MAC, platformName: MAC, proxy: Proxy(), setWindowRect: true, strictFileInteractability: false, timeouts: {implicit: 0, pageLoad: 300000, script: 30000}, unhandledPromptBehavior: dismiss and notify, webauthn:virtualAuthenticators: true}&#10;Session ID: 23489b9a7ee112345346a5c37657b252" type="org.openqa.selenium.WebDriverException">org.openqa.selenium.WebDriverException: 
chrome not reachable
  (Session info: chrome=84.0.4147.89)
Build info: version: '3.8.1', revision: '6e95a6684b', time: '2017-12-01T18:33:54.468Z'
System info: host: 'Ahmads-MacBook-Pro.local', ip: '2001:16a2:8870:ed00:9d68:bd2e:966e:ede2%en0', os.name: 'Mac OS X', os.arch: 'x86_64', os.version: '10.15.5', java.version: '14.0.1'
Driver info: org.openqa.selenium.chrome.ChromeDriver
Capabilities {acceptInsecureCerts: false, browserName: chrome, browserVersion: 84.0.4147.89, chrome: {chromedriverVersion: 83.0.4103.14 (be04594a2b841..., userDataDir: /var/folders/5t/_vmmp4h9367...}, goog:chromeOptions: {debuggerAddress: localhost:61086}, javascriptEnabled: true, networkConnectionEnabled: false, pageLoadStrategy: normal, platform: MAC, platformName: MAC, proxy: Proxy(), setWindowRect: true, strictFileInteractability: false, timeouts: {implicit: 0, pageLoad: 300000, script: 30000}, unhandledPromptBehavior: dismiss and notify, webauthn:virtualAuthenticators: true}
Session ID: 23489b9a7ee112345346a5c37657b252
</failure>
    <system-out><![CDATA[Failed!
Taking Screenshot....
]]></system-out>
  </testcase>
  <testcase name="screenshotOnFailure" classname="tests.GuestCheckoutProductFromCartTest" time="0">
    <skipped/>
  </testcase>
  <testcase name="screenshotOnFailure" classname="tests.GuestCheckoutProductFromCartTest" time="0">
    <skipped/>
  </testcase>
  <testcase name="screenshotOnFailure" classname="tests.GuestCheckoutProductFromCartTest" time="0">
    <skipped/>
  </testcase>
  <testcase name="UserCanRegisterSuccssfully" classname="tests.MyAccountTest" time="0.011">
    <failure message="chrome not reachable&#10;  (Session info: chrome=84.0.4147.89)&#10;Build info: version: &apos;3.8.1&apos;, revision: &apos;6e95a6684b&apos;, time: &apos;2017-12-01T18:33:54.468Z&apos;&#10;System info: host: &apos;Ahmads-MacBook-Pro.local&apos;, ip: &apos;2001:16a2:8870:ed00:9d68:bd2e:966e:ede2%en0&apos;, os.name: &apos;Mac OS X&apos;, os.arch: &apos;x86_64&apos;, os.version: &apos;10.15.5&apos;, java.version: &apos;14.0.1&apos;&#10;Driver info: org.openqa.selenium.chrome.ChromeDriver&#10;Capabilities {acceptInsecureCerts: false, browserName: chrome, browserVersion: 84.0.4147.89, chrome: {chromedriverVersion: 83.0.4103.14 (be04594a2b841..., userDataDir: /var/folders/5t/_vmmp4h9367...}, goog:chromeOptions: {debuggerAddress: localhost:61086}, javascriptEnabled: true, networkConnectionEnabled: false, pageLoadStrategy: normal, platform: MAC, platformName: MAC, proxy: Proxy(), setWindowRect: true, strictFileInteractability: false, timeouts: {implicit: 0, pageLoad: 300000, script: 30000}, unhandledPromptBehavior: dismiss and notify, webauthn:virtualAuthenticators: true}&#10;Session ID: 23489b9a7ee112345346a5c37657b252&#10;*** Element info: {Using=css selector, value=a.ico-register}" type="org.openqa.selenium.WebDriverException">org.openqa.selenium.WebDriverException: 
chrome not reachable
  (Session info: chrome=84.0.4147.89)
Build info: version: '3.8.1', revision: '6e95a6684b', time: '2017-12-01T18:33:54.468Z'
System info: host: 'Ahmads-MacBook-Pro.local', ip: '2001:16a2:8870:ed00:9d68:bd2e:966e:ede2%en0', os.name: 'Mac OS X', os.arch: 'x86_64', os.version: '10.15.5', java.version: '14.0.1'
Driver info: org.openqa.selenium.chrome.ChromeDriver
Capabilities {acceptInsecureCerts: false, browserName: chrome, browserVersion: 84.0.4147.89, chrome: {chromedriverVersion: 83.0.4103.14 (be04594a2b841..., userDataDir: /var/folders/5t/_vmmp4h9367...}, goog:chromeOptions: {debuggerAddress: localhost:61086}, javascriptEnabled: true, networkConnectionEnabled: false, pageLoadStrategy: normal, platform: MAC, platformName: MAC, proxy: Proxy(), setWindowRect: true, strictFileInteractability: false, timeouts: {implicit: 0, pageLoad: 300000, script: 30000}, unhandledPromptBehavior: dismiss and notify, webauthn:virtualAuthenticators: true}
Session ID: 23489b9a7ee112345346a5c37657b252
*** Element info: {Using=css selector, value=a.ico-register}
	at tests.MyAccountTest.UserCanRegisterSuccssfully(MyAccountTest.java:28)
</failure>
  </testcase>
  <testcase name="screenshotOnFailure" classname="tests.MyAccountTest" time="0.019">
    <failure message="chrome not reachable&#10;  (Session info: chrome=84.0.4147.89)&#10;Build info: version: &apos;3.8.1&apos;, revision: &apos;6e95a6684b&apos;, time: &apos;2017-12-01T18:33:54.468Z&apos;&#10;System info: host: &apos;Ahmads-MacBook-Pro.local&apos;, ip: &apos;2001:16a2:8870:ed00:9d68:bd2e:966e:ede2%en0&apos;, os.name: &apos;Mac OS X&apos;, os.arch: &apos;x86_64&apos;, os.version: &apos;10.15.5&apos;, java.version: &apos;14.0.1&apos;&#10;Driver info: org.openqa.selenium.chrome.ChromeDriver&#10;Capabilities {acceptInsecureCerts: false, browserName: chrome, browserVersion: 84.0.4147.89, chrome: {chromedriverVersion: 83.0.4103.14 (be04594a2b841..., userDataDir: /var/folders/5t/_vmmp4h9367...}, goog:chromeOptions: {debuggerAddress: localhost:61086}, javascriptEnabled: true, networkConnectionEnabled: false, pageLoadStrategy: normal, platform: MAC, platformName: MAC, proxy: Proxy(), setWindowRect: true, strictFileInteractability: false, timeouts: {implicit: 0, pageLoad: 300000, script: 30000}, unhandledPromptBehavior: dismiss and notify, webauthn:virtualAuthenticators: true}&#10;Session ID: 23489b9a7ee112345346a5c37657b252" type="org.openqa.selenium.WebDriverException">org.openqa.selenium.WebDriverException: 
chrome not reachable
  (Session info: chrome=84.0.4147.89)
Build info: version: '3.8.1', revision: '6e95a6684b', time: '2017-12-01T18:33:54.468Z'
System info: host: 'Ahmads-MacBook-Pro.local', ip: '2001:16a2:8870:ed00:9d68:bd2e:966e:ede2%en0', os.name: 'Mac OS X', os.arch: 'x86_64', os.version: '10.15.5', java.version: '14.0.1'
Driver info: org.openqa.selenium.chrome.ChromeDriver
Capabilities {acceptInsecureCerts: false, browserName: chrome, browserVersion: 84.0.4147.89, chrome: {chromedriverVersion: 83.0.4103.14 (be04594a2b841..., userDataDir: /var/folders/5t/_vmmp4h9367...}, goog:chromeOptions: {debuggerAddress: localhost:61086}, javascriptEnabled: true, networkConnectionEnabled: false, pageLoadStrategy: normal, platform: MAC, platformName: MAC, proxy: Proxy(), setWindowRect: true, strictFileInteractability: false, timeouts: {implicit: 0, pageLoad: 300000, script: 30000}, unhandledPromptBehavior: dismiss and notify, webauthn:virtualAuthenticators: true}
Session ID: 23489b9a7ee112345346a5c37657b252
</failure>
    <system-out><![CDATA[Failed!
Taking Screenshot....
]]></system-out>
  </testcase>
  <testcase name="screenshotOnFailure" classname="tests.MyAccountTest" time="0">
    <skipped/>
  </testcase>
  <testcase name="screenshotOnFailure" classname="tests.MyAccountTest" time="0">
    <skipped/>
  </testcase>
  <testcase name="screenshotOnFailure" classname="tests.MyAccountTest" time="0">
    <skipped/>
  </testcase>
  <testcase name="screenshotOnFailure" classname="tests.MyAccountTest" time="0">
    <skipped/>
  </testcase>
  <testcase name="UserCanRegisterSuccssfully" classname="tests.RegisteredUserCheckoutProductTest" time="0.012">
    <failure message="chrome not reachable&#10;  (Session info: chrome=84.0.4147.89)&#10;Build info: version: &apos;3.8.1&apos;, revision: &apos;6e95a6684b&apos;, time: &apos;2017-12-01T18:33:54.468Z&apos;&#10;System info: host: &apos;Ahmads-MacBook-Pro.local&apos;, ip: &apos;2001:16a2:8870:ed00:9d68:bd2e:966e:ede2%en0&apos;, os.name: &apos;Mac OS X&apos;, os.arch: &apos;x86_64&apos;, os.version: &apos;10.15.5&apos;, java.version: &apos;14.0.1&apos;&#10;Driver info: org.openqa.selenium.chrome.ChromeDriver&#10;Capabilities {acceptInsecureCerts: false, browserName: chrome, browserVersion: 84.0.4147.89, chrome: {chromedriverVersion: 83.0.4103.14 (be04594a2b841..., userDataDir: /var/folders/5t/_vmmp4h9367...}, goog:chromeOptions: {debuggerAddress: localhost:61086}, javascriptEnabled: true, networkConnectionEnabled: false, pageLoadStrategy: normal, platform: MAC, platformName: MAC, proxy: Proxy(), setWindowRect: true, strictFileInteractability: false, timeouts: {implicit: 0, pageLoad: 300000, script: 30000}, unhandledPromptBehavior: dismiss and notify, webauthn:virtualAuthenticators: true}&#10;Session ID: 23489b9a7ee112345346a5c37657b252&#10;*** Element info: {Using=css selector, value=a.ico-register}" type="org.openqa.selenium.WebDriverException">org.openqa.selenium.WebDriverException: 
chrome not reachable
  (Session info: chrome=84.0.4147.89)
Build info: version: '3.8.1', revision: '6e95a6684b', time: '2017-12-01T18:33:54.468Z'
System info: host: 'Ahmads-MacBook-Pro.local', ip: '2001:16a2:8870:ed00:9d68:bd2e:966e:ede2%en0', os.name: 'Mac OS X', os.arch: 'x86_64', os.version: '10.15.5', java.version: '14.0.1'
Driver info: org.openqa.selenium.chrome.ChromeDriver
Capabilities {acceptInsecureCerts: false, browserName: chrome, browserVersion: 84.0.4147.89, chrome: {chromedriverVersion: 83.0.4103.14 (be04594a2b841..., userDataDir: /var/folders/5t/_vmmp4h9367...}, goog:chromeOptions: {debuggerAddress: localhost:61086}, javascriptEnabled: true, networkConnectionEnabled: false, pageLoadStrategy: normal, platform: MAC, platformName: MAC, proxy: Proxy(), setWindowRect: true, strictFileInteractability: false, timeouts: {implicit: 0, pageLoad: 300000, script: 30000}, unhandledPromptBehavior: dismiss and notify, webauthn:virtualAuthenticators: true}
Session ID: 23489b9a7ee112345346a5c37657b252
*** Element info: {Using=css selector, value=a.ico-register}
	at tests.RegisteredUserCheckoutProductTest.UserCanRegisterSuccssfully(RegisteredUserCheckoutProductTest.java:39)
</failure>
  </testcase>
  <testcase name="screenshotOnFailure" classname="tests.RegisteredUserCheckoutProductTest" time="0.024">
    <failure message="chrome not reachable&#10;  (Session info: chrome=84.0.4147.89)&#10;Build info: version: &apos;3.8.1&apos;, revision: &apos;6e95a6684b&apos;, time: &apos;2017-12-01T18:33:54.468Z&apos;&#10;System info: host: &apos;Ahmads-MacBook-Pro.local&apos;, ip: &apos;2001:16a2:8870:ed00:9d68:bd2e:966e:ede2%en0&apos;, os.name: &apos;Mac OS X&apos;, os.arch: &apos;x86_64&apos;, os.version: &apos;10.15.5&apos;, java.version: &apos;14.0.1&apos;&#10;Driver info: org.openqa.selenium.chrome.ChromeDriver&#10;Capabilities {acceptInsecureCerts: false, browserName: chrome, browserVersion: 84.0.4147.89, chrome: {chromedriverVersion: 83.0.4103.14 (be04594a2b841..., userDataDir: /var/folders/5t/_vmmp4h9367...}, goog:chromeOptions: {debuggerAddress: localhost:61086}, javascriptEnabled: true, networkConnectionEnabled: false, pageLoadStrategy: normal, platform: MAC, platformName: MAC, proxy: Proxy(), setWindowRect: true, strictFileInteractability: false, timeouts: {implicit: 0, pageLoad: 300000, script: 30000}, unhandledPromptBehavior: dismiss and notify, webauthn:virtualAuthenticators: true}&#10;Session ID: 23489b9a7ee112345346a5c37657b252" type="org.openqa.selenium.WebDriverException">org.openqa.selenium.WebDriverException: 
chrome not reachable
  (Session info: chrome=84.0.4147.89)
Build info: version: '3.8.1', revision: '6e95a6684b', time: '2017-12-01T18:33:54.468Z'
System info: host: 'Ahmads-MacBook-Pro.local', ip: '2001:16a2:8870:ed00:9d68:bd2e:966e:ede2%en0', os.name: 'Mac OS X', os.arch: 'x86_64', os.version: '10.15.5', java.version: '14.0.1'
Driver info: org.openqa.selenium.chrome.ChromeDriver
Capabilities {acceptInsecureCerts: false, browserName: chrome, browserVersion: 84.0.4147.89, chrome: {chromedriverVersion: 83.0.4103.14 (be04594a2b841..., userDataDir: /var/folders/5t/_vmmp4h9367...}, goog:chromeOptions: {debuggerAddress: localhost:61086}, javascriptEnabled: true, networkConnectionEnabled: false, pageLoadStrategy: normal, platform: MAC, platformName: MAC, proxy: Proxy(), setWindowRect: true, strictFileInteractability: false, timeouts: {implicit: 0, pageLoad: 300000, script: 30000}, unhandledPromptBehavior: dismiss and notify, webauthn:virtualAuthenticators: true}
Session ID: 23489b9a7ee112345346a5c37657b252
</failure>
    <system-out><![CDATA[Failed!
Taking Screenshot....
]]></system-out>
  </testcase>
  <testcase name="screenshotOnFailure" classname="tests.RegisteredUserCheckoutProductTest" time="0">
    <skipped/>
  </testcase>
  <testcase name="screenshotOnFailure" classname="tests.RegisteredUserCheckoutProductTest" time="0">
    <skipped/>
  </testcase>
  <testcase name="screenshotOnFailure" classname="tests.RegisteredUserCheckoutProductTest" time="0">
    <skipped/>
  </testcase>
  <testcase name="screenshotOnFailure" classname="tests.RegisteredUserCheckoutProductTest" time="0">
    <skipped/>
  </testcase>
  <testcase name="UserCanRegisterSuccssfully" classname="tests.UserRegistrationTest" time="0.012">
    <failure message="chrome not reachable&#10;  (Session info: chrome=84.0.4147.89)&#10;Build info: version: &apos;3.8.1&apos;, revision: &apos;6e95a6684b&apos;, time: &apos;2017-12-01T18:33:54.468Z&apos;&#10;System info: host: &apos;Ahmads-MacBook-Pro.local&apos;, ip: &apos;2001:16a2:8870:ed00:9d68:bd2e:966e:ede2%en0&apos;, os.name: &apos;Mac OS X&apos;, os.arch: &apos;x86_64&apos;, os.version: &apos;10.15.5&apos;, java.version: &apos;14.0.1&apos;&#10;Driver info: org.openqa.selenium.chrome.ChromeDriver&#10;Capabilities {acceptInsecureCerts: false, browserName: chrome, browserVersion: 84.0.4147.89, chrome: {chromedriverVersion: 83.0.4103.14 (be04594a2b841..., userDataDir: /var/folders/5t/_vmmp4h9367...}, goog:chromeOptions: {debuggerAddress: localhost:61086}, javascriptEnabled: true, networkConnectionEnabled: false, pageLoadStrategy: normal, platform: MAC, platformName: MAC, proxy: Proxy(), setWindowRect: true, strictFileInteractability: false, timeouts: {implicit: 0, pageLoad: 300000, script: 30000}, unhandledPromptBehavior: dismiss and notify, webauthn:virtualAuthenticators: true}&#10;Session ID: 23489b9a7ee112345346a5c37657b252&#10;*** Element info: {Using=css selector, value=a.ico-register}" type="org.openqa.selenium.WebDriverException">org.openqa.selenium.WebDriverException: 
chrome not reachable
  (Session info: chrome=84.0.4147.89)
Build info: version: '3.8.1', revision: '6e95a6684b', time: '2017-12-01T18:33:54.468Z'
System info: host: 'Ahmads-MacBook-Pro.local', ip: '2001:16a2:8870:ed00:9d68:bd2e:966e:ede2%en0', os.name: 'Mac OS X', os.arch: 'x86_64', os.version: '10.15.5', java.version: '14.0.1'
Driver info: org.openqa.selenium.chrome.ChromeDriver
Capabilities {acceptInsecureCerts: false, browserName: chrome, browserVersion: 84.0.4147.89, chrome: {chromedriverVersion: 83.0.4103.14 (be04594a2b841..., userDataDir: /var/folders/5t/_vmmp4h9367...}, goog:chromeOptions: {debuggerAddress: localhost:61086}, javascriptEnabled: true, networkConnectionEnabled: false, pageLoadStrategy: normal, platform: MAC, platformName: MAC, proxy: Proxy(), setWindowRect: true, strictFileInteractability: false, timeouts: {implicit: 0, pageLoad: 300000, script: 30000}, unhandledPromptBehavior: dismiss and notify, webauthn:virtualAuthenticators: true}
Session ID: 23489b9a7ee112345346a5c37657b252
*** Element info: {Using=css selector, value=a.ico-register}
	at tests.UserRegistrationTest.UserCanRegisterSuccssfully(UserRegistrationTest.java:22)
</failure>
  </testcase>
  <testcase name="screenshotOnFailure" classname="tests.UserRegistrationTest" time="0.02">
    <failure message="chrome not reachable&#10;  (Session info: chrome=84.0.4147.89)&#10;Build info: version: &apos;3.8.1&apos;, revision: &apos;6e95a6684b&apos;, time: &apos;2017-12-01T18:33:54.468Z&apos;&#10;System info: host: &apos;Ahmads-MacBook-Pro.local&apos;, ip: &apos;2001:16a2:8870:ed00:9d68:bd2e:966e:ede2%en0&apos;, os.name: &apos;Mac OS X&apos;, os.arch: &apos;x86_64&apos;, os.version: &apos;10.15.5&apos;, java.version: &apos;14.0.1&apos;&#10;Driver info: org.openqa.selenium.chrome.ChromeDriver&#10;Capabilities {acceptInsecureCerts: false, browserName: chrome, browserVersion: 84.0.4147.89, chrome: {chromedriverVersion: 83.0.4103.14 (be04594a2b841..., userDataDir: /var/folders/5t/_vmmp4h9367...}, goog:chromeOptions: {debuggerAddress: localhost:61086}, javascriptEnabled: true, networkConnectionEnabled: false, pageLoadStrategy: normal, platform: MAC, platformName: MAC, proxy: Proxy(), setWindowRect: true, strictFileInteractability: false, timeouts: {implicit: 0, pageLoad: 300000, script: 30000}, unhandledPromptBehavior: dismiss and notify, webauthn:virtualAuthenticators: true}&#10;Session ID: 23489b9a7ee112345346a5c37657b252" type="org.openqa.selenium.WebDriverException">org.openqa.selenium.WebDriverException: 
chrome not reachable
  (Session info: chrome=84.0.4147.89)
Build info: version: '3.8.1', revision: '6e95a6684b', time: '2017-12-01T18:33:54.468Z'
System info: host: 'Ahmads-MacBook-Pro.local', ip: '2001:16a2:8870:ed00:9d68:bd2e:966e:ede2%en0', os.name: 'Mac OS X', os.arch: 'x86_64', os.version: '10.15.5', java.version: '14.0.1'
Driver info: org.openqa.selenium.chrome.ChromeDriver
Capabilities {acceptInsecureCerts: false, browserName: chrome, browserVersion: 84.0.4147.89, chrome: {chromedriverVersion: 83.0.4103.14 (be04594a2b841..., userDataDir: /var/folders/5t/_vmmp4h9367...}, goog:chromeOptions: {debuggerAddress: localhost:61086}, javascriptEnabled: true, networkConnectionEnabled: false, pageLoadStrategy: normal, platform: MAC, platformName: MAC, proxy: Proxy(), setWindowRect: true, strictFileInteractability: false, timeouts: {implicit: 0, pageLoad: 300000, script: 30000}, unhandledPromptBehavior: dismiss and notify, webauthn:virtualAuthenticators: true}
Session ID: 23489b9a7ee112345346a5c37657b252
</failure>
    <system-out><![CDATA[Failed!
Taking Screenshot....
]]></system-out>
  </testcase>
  <testcase name="RegisteredUserCanLogout" classname="tests.UserRegistrationTest" time="0">
    <skipped message="Method UserRegistrationTest.RegisteredUserCanLogout()[pri:0, instance:tests.UserRegistrationTest@7ee8290b] depends on not successfully finished methods"/>
  </testcase>
  <testcase name="RegisteredUserCanLogin" classname="tests.UserRegistrationTest" time="0">
    <skipped message="Method UserRegistrationTest.RegisteredUserCanLogin()[pri:0, instance:tests.UserRegistrationTest@7ee8290b] depends on not successfully finished methods"/>
  </testcase>
  <testcase name="UserCanSearchWithAutoSuggest" classname="tests.AddProductReviewTest" time="0">
    <skipped message="chrome not reachable&#10;  (Session info: chrome=84.0.4147.89)&#10;Build info: version: &apos;3.8.1&apos;, revision: &apos;6e95a6684b&apos;, time: &apos;2017-12-01T18:33:54.468Z&apos;&#10;System info: host: &apos;Ahmads-MacBook-Pro.local&apos;, ip: &apos;2001:16a2:8870:ed00:9d68:bd2e:966e:ede2%en0&apos;, os.name: &apos;Mac OS X&apos;, os.arch: &apos;x86_64&apos;, os.version: &apos;10.15.5&apos;, java.version: &apos;14.0.1&apos;&#10;Driver info: org.openqa.selenium.chrome.ChromeDriver&#10;Capabilities {acceptInsecureCerts: false, browserName: chrome, browserVersion: 84.0.4147.89, chrome: {chromedriverVersion: 83.0.4103.14 (be04594a2b841..., userDataDir: /var/folders/5t/_vmmp4h9367...}, goog:chromeOptions: {debuggerAddress: localhost:61086}, javascriptEnabled: true, networkConnectionEnabled: false, pageLoadStrategy: normal, platform: MAC, platformName: MAC, proxy: Proxy(), setWindowRect: true, strictFileInteractability: false, timeouts: {implicit: 0, pageLoad: 300000, script: 30000}, unhandledPromptBehavior: dismiss and notify, webauthn:virtualAuthenticators: true}&#10;Session ID: 23489b9a7ee112345346a5c37657b252"/>
    <system-out><![CDATA[
0 Scenarios
0 Steps
0m0.000s

]]></system-out>
  </testcase>
  <testcase name="UserCanClearCompareList" classname="tests.AddProductToCompareTest" time="0">
    <skipped message="chrome not reachable&#10;  (Session info: chrome=84.0.4147.89)&#10;Build info: version: &apos;3.8.1&apos;, revision: &apos;6e95a6684b&apos;, time: &apos;2017-12-01T18:33:54.468Z&apos;&#10;System info: host: &apos;Ahmads-MacBook-Pro.local&apos;, ip: &apos;2001:16a2:8870:ed00:9d68:bd2e:966e:ede2%en0&apos;, os.name: &apos;Mac OS X&apos;, os.arch: &apos;x86_64&apos;, os.version: &apos;10.15.5&apos;, java.version: &apos;14.0.1&apos;&#10;Driver info: org.openqa.selenium.chrome.ChromeDriver&#10;Capabilities {acceptInsecureCerts: false, browserName: chrome, browserVersion: 84.0.4147.89, chrome: {chromedriverVersion: 83.0.4103.14 (be04594a2b841..., userDataDir: /var/folders/5t/_vmmp4h9367...}, goog:chromeOptions: {debuggerAddress: localhost:61086}, javascriptEnabled: true, networkConnectionEnabled: false, pageLoadStrategy: normal, platform: MAC, platformName: MAC, proxy: Proxy(), setWindowRect: true, strictFileInteractability: false, timeouts: {implicit: 0, pageLoad: 300000, script: 30000}, unhandledPromptBehavior: dismiss and notify, webauthn:virtualAuthenticators: true}&#10;Session ID: 23489b9a7ee112345346a5c37657b252"/>
  </testcase>
  <testcase name="UserCanAddProductToShoppingCart" classname="tests.AddProductToShoppingCartTest" time="0">
    <skipped message="chrome not reachable&#10;  (Session info: chrome=84.0.4147.89)&#10;Build info: version: &apos;3.8.1&apos;, revision: &apos;6e95a6684b&apos;, time: &apos;2017-12-01T18:33:54.468Z&apos;&#10;System info: host: &apos;Ahmads-MacBook-Pro.local&apos;, ip: &apos;2001:16a2:8870:ed00:9d68:bd2e:966e:ede2%en0&apos;, os.name: &apos;Mac OS X&apos;, os.arch: &apos;x86_64&apos;, os.version: &apos;10.15.5&apos;, java.version: &apos;14.0.1&apos;&#10;Driver info: org.openqa.selenium.chrome.ChromeDriver&#10;Capabilities {acceptInsecureCerts: false, browserName: chrome, browserVersion: 84.0.4147.89, chrome: {chromedriverVersion: 83.0.4103.14 (be04594a2b841..., userDataDir: /var/folders/5t/_vmmp4h9367...}, goog:chromeOptions: {debuggerAddress: localhost:61086}, javascriptEnabled: true, networkConnectionEnabled: false, pageLoadStrategy: normal, platform: MAC, platformName: MAC, proxy: Proxy(), setWindowRect: true, strictFileInteractability: false, timeouts: {implicit: 0, pageLoad: 300000, script: 30000}, unhandledPromptBehavior: dismiss and notify, webauthn:virtualAuthenticators: true}&#10;Session ID: 23489b9a7ee112345346a5c37657b252"/>
    <system-out><![CDATA[
0 Scenarios
0 Steps
0m0.000s

]]></system-out>
  </testcase>
  <testcase name="UserCanAddProductToWishlist" classname="tests.AddProductToWishListTest" time="0">
    <skipped message="chrome not reachable&#10;  (Session info: chrome=84.0.4147.89)&#10;Build info: version: &apos;3.8.1&apos;, revision: &apos;6e95a6684b&apos;, time: &apos;2017-12-01T18:33:54.468Z&apos;&#10;System info: host: &apos;Ahmads-MacBook-Pro.local&apos;, ip: &apos;2001:16a2:8870:ed00:9d68:bd2e:966e:ede2%en0&apos;, os.name: &apos;Mac OS X&apos;, os.arch: &apos;x86_64&apos;, os.version: &apos;10.15.5&apos;, java.version: &apos;14.0.1&apos;&#10;Driver info: org.openqa.selenium.chrome.ChromeDriver&#10;Capabilities {acceptInsecureCerts: false, browserName: chrome, browserVersion: 84.0.4147.89, chrome: {chromedriverVersion: 83.0.4103.14 (be04594a2b841..., userDataDir: /var/folders/5t/_vmmp4h9367...}, goog:chromeOptions: {debuggerAddress: localhost:61086}, javascriptEnabled: true, networkConnectionEnabled: false, pageLoadStrategy: normal, platform: MAC, platformName: MAC, proxy: Proxy(), setWindowRect: true, strictFileInteractability: false, timeouts: {implicit: 0, pageLoad: 300000, script: 30000}, unhandledPromptBehavior: dismiss and notify, webauthn:virtualAuthenticators: true}&#10;Session ID: 23489b9a7ee112345346a5c37657b252"/>
  </testcase>
  <testcase name="UserCanSearchWithAutoSuggest" classname="tests.ChangeCurrencyTest" time="0">
    <skipped message="chrome not reachable&#10;  (Session info: chrome=84.0.4147.89)&#10;Build info: version: &apos;3.8.1&apos;, revision: &apos;6e95a6684b&apos;, time: &apos;2017-12-01T18:33:54.468Z&apos;&#10;System info: host: &apos;Ahmads-MacBook-Pro.local&apos;, ip: &apos;2001:16a2:8870:ed00:9d68:bd2e:966e:ede2%en0&apos;, os.name: &apos;Mac OS X&apos;, os.arch: &apos;x86_64&apos;, os.version: &apos;10.15.5&apos;, java.version: &apos;14.0.1&apos;&#10;Driver info: org.openqa.selenium.chrome.ChromeDriver&#10;Capabilities {acceptInsecureCerts: false, browserName: chrome, browserVersion: 84.0.4147.89, chrome: {chromedriverVersion: 83.0.4103.14 (be04594a2b841..., userDataDir: /var/folders/5t/_vmmp4h9367...}, goog:chromeOptions: {debuggerAddress: localhost:61086}, javascriptEnabled: true, networkConnectionEnabled: false, pageLoadStrategy: normal, platform: MAC, platformName: MAC, proxy: Proxy(), setWindowRect: true, strictFileInteractability: false, timeouts: {implicit: 0, pageLoad: 300000, script: 30000}, unhandledPromptBehavior: dismiss and notify, webauthn:virtualAuthenticators: true}&#10;Session ID: 23489b9a7ee112345346a5c37657b252"/>
  </testcase>
  <testcase name="UserCanSearchWithAutoSuggest" classname="tests.EmailFriendTest" time="0">
    <skipped message="chrome not reachable&#10;  (Session info: chrome=84.0.4147.89)&#10;Build info: version: &apos;3.8.1&apos;, revision: &apos;6e95a6684b&apos;, time: &apos;2017-12-01T18:33:54.468Z&apos;&#10;System info: host: &apos;Ahmads-MacBook-Pro.local&apos;, ip: &apos;2001:16a2:8870:ed00:9d68:bd2e:966e:ede2%en0&apos;, os.name: &apos;Mac OS X&apos;, os.arch: &apos;x86_64&apos;, os.version: &apos;10.15.5&apos;, java.version: &apos;14.0.1&apos;&#10;Driver info: org.openqa.selenium.chrome.ChromeDriver&#10;Capabilities {acceptInsecureCerts: false, browserName: chrome, browserVersion: 84.0.4147.89, chrome: {chromedriverVersion: 83.0.4103.14 (be04594a2b841..., userDataDir: /var/folders/5t/_vmmp4h9367...}, goog:chromeOptions: {debuggerAddress: localhost:61086}, javascriptEnabled: true, networkConnectionEnabled: false, pageLoadStrategy: normal, platform: MAC, platformName: MAC, proxy: Proxy(), setWindowRect: true, strictFileInteractability: false, timeouts: {implicit: 0, pageLoad: 300000, script: 30000}, unhandledPromptBehavior: dismiss and notify, webauthn:virtualAuthenticators: true}&#10;Session ID: 23489b9a7ee112345346a5c37657b252"/>
    <system-out><![CDATA[
0 Scenarios
0 Steps
0m0.000s

]]></system-out>
  </testcase>
  <testcase name="UserCanAddProductToShoppingCart" classname="tests.GuestCheckoutProductFromCartTest" time="0">
    <skipped message="chrome not reachable&#10;  (Session info: chrome=84.0.4147.89)&#10;Build info: version: &apos;3.8.1&apos;, revision: &apos;6e95a6684b&apos;, time: &apos;2017-12-01T18:33:54.468Z&apos;&#10;System info: host: &apos;Ahmads-MacBook-Pro.local&apos;, ip: &apos;2001:16a2:8870:ed00:9d68:bd2e:966e:ede2%en0&apos;, os.name: &apos;Mac OS X&apos;, os.arch: &apos;x86_64&apos;, os.version: &apos;10.15.5&apos;, java.version: &apos;14.0.1&apos;&#10;Driver info: org.openqa.selenium.chrome.ChromeDriver&#10;Capabilities {acceptInsecureCerts: false, browserName: chrome, browserVersion: 84.0.4147.89, chrome: {chromedriverVersion: 83.0.4103.14 (be04594a2b841..., userDataDir: /var/folders/5t/_vmmp4h9367...}, goog:chromeOptions: {debuggerAddress: localhost:61086}, javascriptEnabled: true, networkConnectionEnabled: false, pageLoadStrategy: normal, platform: MAC, platformName: MAC, proxy: Proxy(), setWindowRect: true, strictFileInteractability: false, timeouts: {implicit: 0, pageLoad: 300000, script: 30000}, unhandledPromptBehavior: dismiss and notify, webauthn:virtualAuthenticators: true}&#10;Session ID: 23489b9a7ee112345346a5c37657b252"/>
  </testcase>
[...]
  </testcase>
  <testcase name="UserCanSearchWithAutoSuggest" classname="tests.RegisteredUserCheckoutProductTest" time="0">
    <skipped message="chrome not reachable&#10;  (Session info: chrome=84.0.4147.89)&#10;Build info: version: &apos;3.8.1&apos;, revision: &apos;6e95a6684b&apos;, time: &apos;2017-12-01T18:33:54.468Z&apos;&#10;System info: host: &apos;Ahmads-MacBook-Pro.local&apos;, ip: &apos;2001:16a2:8870:ed00:9d68:bd2e:966e:ede2%en0&apos;, os.name: &apos;Mac OS X&apos;, os.arch: &apos;x86_64&apos;, os.version: &apos;10.15.5&apos;, java.version: &apos;14.0.1&apos;&#10;Driver info: org.openqa.selenium.chrome.ChromeDriver&#10;Capabilities {acceptInsecureCerts: false, browserName: chrome, browserVersion: 84.0.4147.89, chrome: {chromedriverVersion: 83.0.4103.14 (be04594a2b841..., userDataDir: /var/folders/5t/_vmmp4h9367...}, goog:chromeOptions: {debuggerAddress: localhost:61086}, javascriptEnabled: true, networkConnectionEnabled: false, pageLoadStrategy: normal, platform: MAC, platformName: MAC, proxy: Proxy(), setWindowRect: true, strictFileInteractability: false, timeouts: {implicit: 0, pageLoad: 300000, script: 30000}, unhandledPromptBehavior: dismiss and notify, webauthn:virtualAuthenticators: true}&#10;Session ID: 23489b9a7ee112345346a5c37657b252"/>
  </testcase>
  <testcase name="RegisteredUserCanReviewProduct" classname="tests.AddProductReviewTest" time="0">
    <skipped message="chrome not reachable&#10;  (Session info: chrome=84.0.4147.89)&#10;Build info: version: &apos;3.8.1&apos;, revision: &apos;6e95a6684b&apos;, time: &apos;2017-12-01T18:33:54.468Z&apos;&#10;System info: host: &apos;Ahmads-MacBook-Pro.local&apos;, ip: &apos;2001:16a2:8870:ed00:9d68:bd2e:966e:ede2%en0&apos;, os.name: &apos;Mac OS X&apos;, os.arch: &apos;x86_64&apos;, os.version: &apos;10.15.5&apos;, java.version: &apos;14.0.1&apos;&#10;Driver info: org.openqa.selenium.chrome.ChromeDriver&#10;Capabilities {acceptInsecureCerts: false, browserName: chrome, browserVersion: 84.0.4147.89, chrome: {chromedriverVersion: 83.0.4103.14 (be04594a2b841..., userDataDir: /var/folders/5t/_vmmp4h9367...}, goog:chromeOptions: {debuggerAddress: localhost:61086}, javascriptEnabled: true, networkConnectionEnabled: false, pageLoadStrategy: normal, platform: MAC, platformName: MAC, proxy: Proxy(), setWindowRect: true, strictFileInteractability: false, timeouts: {implicit: 0, pageLoad: 300000, script: 30000}, unhandledPromptBehavior: dismiss and notify, webauthn:virtualAuthenticators: true}&#10;Session ID: 23489b9a7ee112345346a5c37657b252"/>
  </testcase>
  <testcase name="UserCanRemoveProductFromCart" classname="tests.AddProductToShoppingCartTest" time="0">
    <skipped message="chrome not reachable&#10;  (Session info: chrome=84.0.4147.89)&#10;Build info: version: &apos;3.8.1&apos;, revision: &apos;6e95a6684b&apos;, time: &apos;2017-12-01T18:33:54.468Z&apos;&#10;System info: host: &apos;Ahmads-MacBook-Pro.local&apos;, ip: &apos;2001:16a2:8870:ed00:9d68:bd2e:966e:ede2%en0&apos;, os.name: &apos;Mac OS X&apos;, os.arch: &apos;x86_64&apos;, os.version: &apos;10.15.5&apos;, java.version: &apos;14.0.1&apos;&#10;Driver info: org.openqa.selenium.chrome.ChromeDriver&#10;Capabilities {acceptInsecureCerts: false, browserName: chrome, browserVersion: 84.0.4147.89, chrome: {chromedriverVersion: 83.0.4103.14 (be04594a2b841..., userDataDir: /var/folders/5t/_vmmp4h9367...}, goog:chromeOptions: {debuggerAddress: localhost:61086}, javascriptEnabled: true, networkConnectionEnabled: false, pageLoadStrategy: normal, platform: MAC, platformName: MAC, proxy: Proxy(), setWindowRect: true, strictFileInteractability: false, timeouts: {implicit: 0, pageLoad: 300000, script: 30000}, unhandledPromptBehavior: dismiss and notify, webauthn:virtualAuthenticators: true}&#10;Session ID: 23489b9a7ee112345346a5c37657b252"/>
  </testcase>
  <testcase name="UserCanRemoveProductFromCart" classname="tests.AddProductToWishListTest" time="0">
    <skipped message="chrome not reachable&#10;  (Session info: chrome=84.0.4147.89)&#10;Build info: version: &apos;3.8.1&apos;, revision: &apos;6e95a6684b&apos;, time: &apos;2017-12-01T18:33:54.468Z&apos;&#10;System info: host: &apos;Ahmads-MacBook-Pro.local&apos;, ip: &apos;2001:16a2:8870:ed00:9d68:bd2e:966e:ede2%en0&apos;, os.name: &apos;Mac OS X&apos;, os.arch: &apos;x86_64&apos;, os.version: &apos;10.15.5&apos;, java.version: &apos;14.0.1&apos;&#10;Driver info: org.openqa.selenium.chrome.ChromeDriver&#10;Capabilities {acceptInsecureCerts: false, browserName: chrome, browserVersion: 84.0.4147.89, chrome: {chromedriverVersion: 83.0.4103.14 (be04594a2b841..., userDataDir: /var/folders/5t/_vmmp4h9367...}, goog:chromeOptions: {debuggerAddress: localhost:61086}, javascriptEnabled: true, networkConnectionEnabled: false, pageLoadStrategy: normal, platform: MAC, platformName: MAC, proxy: Proxy(), setWindowRect: true, strictFileInteractability: false, timeouts: {implicit: 0, pageLoad: 300000, script: 30000}, unhandledPromptBehavior: dismiss and notify, webauthn:virtualAuthenticators: true}&#10;Session ID: 23489b9a7ee112345346a5c37657b252"/>
    <system-out><![CDATA[
0 Scenarios
0 Steps
0m0.000s

]]></system-out>
  </testcase>
  <testcase name="RegisteredUserCanSendProductToFriend" classname="tests.EmailFriendTest" time="0">
    <skipped message="chrome not reachable&#10;  (Session info: chrome=84.0.4147.89)&#10;Build info: version: &apos;3.8.1&apos;, revision: &apos;6e95a6684b&apos;, time: &apos;2017-12-01T18:33:54.468Z&apos;&#10;System info: host: &apos;Ahmads-MacBook-Pro.local&apos;, ip: &apos;2001:16a2:8870:ed00:9d68:bd2e:966e:ede2%en0&apos;, os.name: &apos;Mac OS X&apos;, os.arch: &apos;x86_64&apos;, os.version: &apos;10.15.5&apos;, java.version: &apos;14.0.1&apos;&#10;Driver info: org.openqa.selenium.chrome.ChromeDriver&#10;Capabilities {acceptInsecureCerts: false, browserName: chrome, browserVersion: 84.0.4147.89, chrome: {chromedriverVersion: 83.0.4103.14 (be04594a2b841..., userDataDir: /var/folders/5t/_vmmp4h9367...}, goog:chromeOptions: {debuggerAddress: localhost:61086}, javascriptEnabled: true, networkConnectionEnabled: false, pageLoadStrategy: normal, platform: MAC, platformName: MAC, proxy: Proxy(), setWindowRect: true, strictFileInteractability: false, timeouts: {implicit: 0, pageLoad: 300000, script: 30000}, unhandledPromptBehavior: dismiss and notify, webauthn:virtualAuthenticators: true}&#10;Session ID: 23489b9a7ee112345346a5c37657b252"/>
    <system-out><![CDATA[
0 Scenarios
0 Steps
0m0.000s

]]></system-out>
  </testcase>
  <testcase name="UserCanCheckoutProduct" classname="tests.GuestCheckoutProductFromCartTest" time="0">
    <skipped message="chrome not reachable&#10;  (Session info: chrome=84.0.4147.89)&#10;Build info: version: &apos;3.8.1&apos;, revision: &apos;6e95a6684b&apos;, time: &apos;2017-12-01T18:33:54.468Z&apos;&#10;System info: host: &apos;Ahmads-MacBook-Pro.local&apos;, ip: &apos;2001:16a2:8870:ed00:9d68:bd2e:966e:ede2%en0&apos;, os.name: &apos;Mac OS X&apos;, os.arch: &apos;x86_64&apos;, os.version: &apos;10.15.5&apos;, java.version: &apos;14.0.1&apos;&#10;Driver info: org.openqa.selenium.chrome.ChromeDriver&#10;Capabilities {acceptInsecureCerts: false, browserName: chrome, browserVersion: 84.0.4147.89, chrome: {chromedriverVersion: 83.0.4103.14 (be04594a2b841..., userDataDir: /var/folders/5t/_vmmp4h9367...}, goog:chromeOptions: {debuggerAddress: localhost:61086}, javascriptEnabled: true, networkConnectionEnabled: false, pageLoadStrategy: normal, platform: MAC, platformName: MAC, proxy: Proxy(), setWindowRect: true, strictFileInteractability: false, timeouts: {implicit: 0, pageLoad: 300000, script: 30000}, unhandledPromptBehavior: dismiss and notify, webauthn:virtualAuthenticators: true}&#10;Session ID: 23489b9a7ee112345346a5c37657b252"/>
  </testcase>
  <testcase name="RegisteredUserCanLogout" classname="tests.MyAccountTest" time="0">
    <skipped message="chrome not reachable&#10;  (Session info: chrome=84.0.4147.89)&#10;Build info: version: &apos;3.8.1&apos;, revision: &apos;6e95a6684b&apos;, time: &apos;2017-12-01T18:33:54.468Z&apos;&#10;System info: host: &apos;Ahmads-MacBook-Pro.local&apos;, ip: &apos;2001:16a2:8870:ed00:9d68:bd2e:966e:ede2%en0&apos;, os.name: &apos;Mac OS X&apos;, os.arch: &apos;x86_64&apos;, os.version: &apos;10.15.5&apos;, java.version: &apos;14.0.1&apos;&#10;Driver info: org.openqa.selenium.chrome.ChromeDriver&#10;Capabilities {acceptInsecureCerts: false, browserName: chrome, browserVersion: 84.0.4147.89, chrome: {chromedriverVersion: 83.0.4103.14 (be04594a2b841..., userDataDir: /var/folders/5t/_vmmp4h9367...}, goog:chromeOptions: {debuggerAddress: localhost:61086}, javascriptEnabled: true, networkConnectionEnabled: false, pageLoadStrategy: normal, platform: MAC, platformName: MAC, proxy: Proxy(), setWindowRect: true, strictFileInteractability: false, timeouts: {implicit: 0, pageLoad: 300000, script: 30000}, unhandledPromptBehavior: dismiss and notify, webauthn:virtualAuthenticators: true}&#10;Session ID: 23489b9a7ee112345346a5c37657b252"/>
  </testcase>
  <testcase name="UserCanAddProductToShoppingCart" classname="tests.RegisteredUserCheckoutProductTest" time="0">
    <skipped message="chrome not reachable&#10;  (Session info: chrome=84.0.4147.89)&#10;Build info: version: &apos;3.8.1&apos;, revision: &apos;6e95a6684b&apos;, time: &apos;2017-12-01T18:33:54.468Z&apos;&#10;System info: host: &apos;Ahmads-MacBook-Pro.local&apos;, ip: &apos;2001:16a2:8870:ed00:9d68:bd2e:966e:ede2%en0&apos;, os.name: &apos;Mac OS X&apos;, os.arch: &apos;x86_64&apos;, os.version: &apos;10.15.5&apos;, java.version: &apos;14.0.1&apos;&#10;Driver info: org.openqa.selenium.chrome.ChromeDriver&#10;Capabilities {acceptInsecureCerts: false, browserName: chrome, browserVersion: 84.0.4147.89, chrome: {chromedriverVersion: 83.0.4103.14 (be04594a2b841..., userDataDir: /var/folders/5t/_vmmp4h9367...}, goog:chromeOptions: {debuggerAddress: localhost:61086}, javascriptEnabled: true, networkConnectionEnabled: false, pageLoadStrategy: normal, platform: MAC, platformName: MAC, proxy: Proxy(), setWindowRect: true, strictFileInteractability: false, timeouts: {implicit: 0, pageLoad: 300000, script: 30000}, unhandledPromptBehavior: dismiss and notify, webauthn:virtualAuthenticators: true}&#10;Session ID: 23489b9a7ee112345346a5c37657b252"/>
  </testcase>
  <testcase name="RegisteredUserCanLogout" classname="tests.AddProductReviewTest" time="0">
    <skipped message="chrome not reachable&#10;  (Session info: chrome=84.0.4147.89)&#10;Build info: version: &apos;3.8.1&apos;, revision: &apos;6e95a6684b&apos;, time: &apos;2017-12-01T18:33:54.468Z&apos;&#10;System info: host: &apos;Ahmads-MacBook-Pro.local&apos;, ip: &apos;2001:16a2:8870:ed00:9d68:bd2e:966e:ede2%en0&apos;, os.name: &apos;Mac OS X&apos;, os.arch: &apos;x86_64&apos;, os.version: &apos;10.15.5&apos;, java.version: &apos;14.0.1&apos;&#10;Driver info: org.openqa.selenium.chrome.ChromeDriver&#10;Capabilities {acceptInsecureCerts: false, browserName: chrome, browserVersion: 84.0.4147.89, chrome: {chromedriverVersion: 83.0.4103.14 (be04594a2b841..., userDataDir: /var/folders/5t/_vmmp4h9367...}, goog:chromeOptions: {debuggerAddress: localhost:61086}, javascriptEnabled: true, networkConnectionEnabled: false, pageLoadStrategy: normal, platform: MAC, platformName: MAC, proxy: Proxy(), setWindowRect: true, strictFileInteractability: false, timeouts: {implicit: 0, pageLoad: 300000, script: 30000}, unhandledPromptBehavior: dismiss and notify, webauthn:virtualAuthenticators: true}&#10;Session ID: 23489b9a7ee112345346a5c37657b252"/>
  </testcase>
  <testcase name="RegisteredUserCanLogout" classname="tests.EmailFriendTest" time="0">
    <skipped message="chrome not reachable&#10;  (Session info: chrome=84.0.4147.89)&#10;Build info: version: &apos;3.8.1&apos;, revision: &apos;6e95a6684b&apos;, time: &apos;2017-12-01T18:33:54.468Z&apos;&#10;System info: host: &apos;Ahmads-MacBook-Pro.local&apos;, ip: &apos;2001:16a2:8870:ed00:9d68:bd2e:966e:ede2%en0&apos;, os.name: &apos;Mac OS X&apos;, os.arch: &apos;x86_64&apos;, os.version: &apos;10.15.5&apos;, java.version: &apos;14.0.1&apos;&#10;Driver info: org.openqa.selenium.chrome.ChromeDriver&#10;Capabilities {acceptInsecureCerts: false, browserName: chrome, browserVersion: 84.0.4147.89, chrome: {chromedriverVersion: 83.0.4103.14 (be04594a2b841..., userDataDir: /var/folders/5t/_vmmp4h9367...}, goog:chromeOptions: {debuggerAddress: localhost:61086}, javascriptEnabled: true, networkConnectionEnabled: false, pageLoadStrategy: normal, platform: MAC, platformName: MAC, proxy: Proxy(), setWindowRect: true, strictFileInteractability: false, timeouts: {implicit: 0, pageLoad: 300000, script: 30000}, unhandledPromptBehavior: dismiss and notify, webauthn:virtualAuthenticators: true}&#10;Session ID: 23489b9a7ee112345346a5c37657b252"/>
    <system-out><![CDATA[
0 Scenarios
0 Steps
0m0.000s

]]></system-out>
  </testcase>
  <testcase name="UserCanViewOrderDetails" classname="tests.GuestCheckoutProductFromCartTest" time="0">
    <skipped message="chrome not reachable&#10;  (Session info: chrome=84.0.4147.89)&#10;Build info: version: &apos;3.8.1&apos;, revision: &apos;6e95a6684b&apos;, time: &apos;2017-12-01T18:33:54.468Z&apos;&#10;System info: host: &apos;Ahmads-MacBook-Pro.local&apos;, ip: &apos;2001:16a2:8870:ed00:9d68:bd2e:966e:ede2%en0&apos;, os.name: &apos;Mac OS X&apos;, os.arch: &apos;x86_64&apos;, os.version: &apos;10.15.5&apos;, java.version: &apos;14.0.1&apos;&#10;Driver info: org.openqa.selenium.chrome.ChromeDriver&#10;Capabilities {acceptInsecureCerts: false, browserName: chrome, browserVersion: 84.0.4147.89, chrome: {chromedriverVersion: 83.0.4103.14 (be04594a2b841..., userDataDir: /var/folders/5t/_vmmp4h9367...}, goog:chromeOptions: {debuggerAddress: localhost:61086}, javascriptEnabled: true, networkConnectionEnabled: false, pageLoadStrategy: normal, platform: MAC, platformName: MAC, proxy: Proxy(), setWindowRect: true, strictFileInteractability: false, timeouts: {implicit: 0, pageLoad: 300000, script: 30000}, unhandledPromptBehavior: dismiss and notify, webauthn:virtualAuthenticators: true}&#10;Session ID: 23489b9a7ee112345346a5c37657b252"/>
    <system-out><![CDATA[
0 Scenarios
0 Steps
0m0.000s

]]></system-out>
  </testcase>
  <testcase name="RegisteredUserCanLogin" classname="tests.MyAccountTest" time="0">
    <skipped message="chrome not reachable&#10;  (Session info: chrome=84.0.4147.89)&#10;Build info: version: &apos;3.8.1&apos;, revision: &apos;6e95a6684b&apos;, time: &apos;2017-12-01T18:33:54.468Z&apos;&#10;System info: host: &apos;Ahmads-MacBook-Pro.local&apos;, ip: &apos;2001:16a2:8870:ed00:9d68:bd2e:966e:ede2%en0&apos;, os.name: &apos;Mac OS X&apos;, os.arch: &apos;x86_64&apos;, os.version: &apos;10.15.5&apos;, java.version: &apos;14.0.1&apos;&#10;Driver info: org.openqa.selenium.chrome.ChromeDriver&#10;Capabilities {acceptInsecureCerts: false, browserName: chrome, browserVersion: 84.0.4147.89, chrome: {chromedriverVersion: 83.0.4103.14 (be04594a2b841..., userDataDir: /var/folders/5t/_vmmp4h9367...}, goog:chromeOptions: {debuggerAddress: localhost:61086}, javascriptEnabled: true, networkConnectionEnabled: false, pageLoadStrategy: normal, platform: MAC, platformName: MAC, proxy: Proxy(), setWindowRect: true, strictFileInteractability: false, timeouts: {implicit: 0, pageLoad: 300000, script: 30000}, unhandledPromptBehavior: dismiss and notify, webauthn:virtualAuthenticators: true}&#10;Session ID: 23489b9a7ee112345346a5c37657b252"/>
    <system-out><![CDATA[
0 Scenarios
0 Steps
0m0.000s

]]></system-out>
  </testcase>
  <testcase name="UserCanCheckoutProduct" classname="tests.RegisteredUserCheckoutProductTest" time="0">
    <skipped message="chrome not reachable&#10;  (Session info: chrome=84.0.4147.89)&#10;Build info: version: &apos;3.8.1&apos;, revision: &apos;6e95a6684b&apos;, time: &apos;2017-12-01T18:33:54.468Z&apos;&#10;System info: host: &apos;Ahmads-MacBook-Pro.local&apos;, ip: &apos;2001:16a2:8870:ed00:9d68:bd2e:966e:ede2%en0&apos;, os.name: &apos;Mac OS X&apos;, os.arch: &apos;x86_64&apos;, os.version: &apos;10.15.5&apos;, java.version: &apos;14.0.1&apos;&#10;Driver info: org.openqa.selenium.chrome.ChromeDriver&#10;Capabilities {acceptInsecureCerts: false, browserName: chrome, browserVersion: 84.0.4147.89, chrome: {chromedriverVersion: 83.0.4103.14 (be04594a2b841..., userDataDir: /var/folders/5t/_vmmp4h9367...}, goog:chromeOptions: {debuggerAddress: localhost:61086}, javascriptEnabled: true, networkConnectionEnabled: false, pageLoadStrategy: normal, platform: MAC, platformName: MAC, proxy: Proxy(), setWindowRect: true, strictFileInteractability: false, timeouts: {implicit: 0, pageLoad: 300000, script: 30000}, unhandledPromptBehavior: dismiss and notify, webauthn:virtualAuthenticators: true}&#10;Session ID: 23489b9a7ee112345346a5c37657b252"/>
  </testcase>
  <testcase name="UserLogout" classname="tests.MyAccountTest" time="0">
    <skipped message="chrome not reachable&#10;  (Session info: chrome=84.0.4147.89)&#10;Build info: version: &apos;3.8.1&apos;, revision: &apos;6e95a6684b&apos;, time: &apos;2017-12-01T18:33:54.468Z&apos;&#10;System info: host: &apos;Ahmads-MacBook-Pro.local&apos;, ip: &apos;2001:16a2:8870:ed00:9d68:bd2e:966e:ede2%en0&apos;, os.name: &apos;Mac OS X&apos;, os.arch: &apos;x86_64&apos;, os.version: &apos;10.15.5&apos;, java.version: &apos;14.0.1&apos;&#10;Driver info: org.openqa.selenium.chrome.ChromeDriver&#10;Capabilities {acceptInsecureCerts: false, browserName: chrome, browserVersion: 84.0.4147.89, chrome: {chromedriverVersion: 83.0.4103.14 (be04594a2b841..., userDataDir: /var/folders/5t/_vmmp4h9367...}, goog:chromeOptions: {debuggerAddress: localhost:61086}, javascriptEnabled: true, networkConnectionEnabled: false, pageLoadStrategy: normal, platform: MAC, platformName: MAC, proxy: Proxy(), setWindowRect: true, strictFileInteractability: false, timeouts: {implicit: 0, pageLoad: 300000, script: 30000}, unhandledPromptBehavior: dismiss and notify, webauthn:virtualAuthenticators: true}&#10;Session ID: 23489b9a7ee112345346a5c37657b252"/>
  </testcase>
  <testcase name="RegisteredUserCanLogout" classname="tests.RegisteredUserCheckoutProductTest" time="0">
    <skipped message="chrome not reachable&#10;  (Session info: chrome=84.0.4147.89)&#10;Build info: version: &apos;3.8.1&apos;, revision: &apos;6e95a6684b&apos;, time: &apos;2017-12-01T18:33:54.468Z&apos;&#10;System info: host: &apos;Ahmads-MacBook-Pro.local&apos;, ip: &apos;2001:16a2:8870:ed00:9d68:bd2e:966e:ede2%en0&apos;, os.name: &apos;Mac OS X&apos;, os.arch: &apos;x86_64&apos;, os.version: &apos;10.15.5&apos;, java.version: &apos;14.0.1&apos;&#10;Driver info: org.openqa.selenium.chrome.ChromeDriver&#10;Capabilities {acceptInsecureCerts: false, browserName: chrome, browserVersion: 84.0.4147.89, chrome: {chromedriverVersion: 83.0.4103.14 (be04594a2b841..., userDataDir: /var/folders/5t/_vmmp4h9367...}, goog:chromeOptions: {debuggerAddress: localhost:61086}, javascriptEnabled: true, networkConnectionEnabled: false, pageLoadStrategy: normal, platform: MAC, platformName: MAC, proxy: Proxy(), setWindowRect: true, strictFileInteractability: false, timeouts: {implicit: 0, pageLoad: 300000, script: 30000}, unhandledPromptBehavior: dismiss and notify, webauthn:virtualAuthenticators: true}&#10;Session ID: 23489b9a7ee112345346a5c37657b252"/>
    <system-out><![CDATA[
0 Scenarios
0 Steps
0m0.000s

]]></system-out>
  </testcase>
</testsuite>