<?xml version="1.0" encoding="UTF-8"?>
<testng-results ignored="0" total="1" passed="1" failed="0" skipped="0">
  <reporter-output>
  </reporter-output>
  <suite started-at="2020-07-27T18:12:05Z" name="Surefire suite" finished-at="2020-07-27T18:12:26Z" duration-ms="20946">
    <groups>
      <group name="cucumber">
        <method signature="AbstractTestNGCucumberTests.feature(cucumber.api.testng.CucumberFeatureWrapper)[pri:0, instance:runner.TestRunner@3c46e67a]" name="feature" class="cucumber.api.testng.AbstractTestNGCucumberTests"/>
      </group> <!-- cucumber -->
    </groups>
    <test started-at="2020-07-27T18:12:05Z" name="Surefire test" finished-at="2020-07-27T18:12:26Z" duration-ms="20946">
      <class name="runner.TestRunner">
        <test-method is-config="true" signature="startDriver(java.lang.String)[pri:0, instance:runner.TestRunner@3c46e67a]" started-at="2020-07-27T18:11:54Z" name="startDriver" finished-at="2020-07-27T18:12:05Z" duration-ms="10822" status="PASS">
          <params>
            <param index="0">
              <value>
                <![CDATA[firefox]]>
              </value>
            </param>
          </params>
          <reporter-output>
          </reporter-output>
        </test-method> <!-- startDriver -->
        <test-method is-config="true" signature="setUpClass()[pri:0, instance:runner.TestRunner@3c46e67a]" started-at="2020-07-27T18:12:05Z" name="setUpClass" finished-at="2020-07-27T18:12:06Z" duration-ms="1376" status="PASS">
          <reporter-output>
          </reporter-output>
        </test-method> <!-- setUpClass -->
        <test-method signature="feature(cucumber.api.testng.CucumberFeatureWrapper)[pri:0, instance:runner.TestRunner@3c46e67a]" started-at="2020-07-27T18:12:07Z" name="feature" description="Runs Cucumber Feature" data-provider="features" finished-at="2020-07-27T18:12:26Z" duration-ms="19101" status="PASS">
          <params>
            <param index="0">
              <value>
                <![CDATA[User Registration]]>
              </value>
            </param>
          </params>
          <reporter-output>
          </reporter-output>
        </test-method> <!-- feature -->
        <test-method is-config="true" signature="screenshotOnFailure(org.testng.ITestResult)[pri:0, instance:runner.TestRunner@3c46e67a]" started-at="2020-07-27T18:12:26Z" name="screenshotOnFailure" finished-at="2020-07-27T18:12:26Z" duration-ms="1" status="PASS">
          <params>
            <param index="0">
              <value>
                <![CDATA[[TestResult name=feature status=SUCCESS method=AbstractTestNGCucumberTests.feature(cucumber.api.testng.CucumberFeatureWrapper)[pri:0, instance:runner.TestRunner@3c46e67a] output={null}]]]>
              </value>
            </param>
          </params>
          <reporter-output>
          </reporter-output>
        </test-method> <!-- screenshotOnFailure -->
        <test-method is-config="true" signature="tearDownClass()[pri:0, instance:runner.TestRunner@3c46e67a]" started-at="2020-07-27T18:12:26Z" name="tearDownClass" finished-at="2020-07-27T18:12:26Z" duration-ms="18" status="PASS">
          <reporter-output>
          </reporter-output>
        </test-method> <!-- tearDownClass -->
        <test-method is-config="true" signature="stopDriver()[pri:0, instance:runner.TestRunner@3c46e67a]" started-at="2020-07-27T18:12:31Z" name="stopDriver" finished-at="2020-07-27T18:12:32Z" duration-ms="788" status="PASS">
          <reporter-output>
          </reporter-output>
        </test-method> <!-- stopDriver -->
      </class> <!-- runner.TestRunner -->
    </test> <!-- Surefire test -->
  </suite> <!-- Surefire suite -->
</testng-results>
